
Initial statistics: 1 variables; iteration 0; function evaluation 0; phase 1
Function value 2.3306855e+03; maximum gradient component mag 1.3600e+03
Var    Value     Gradient |Var    Value     Gradient |Var    Value     Gradient
  1  0.05395  1.35996e+03 |

 - final statistics:
1 variables; iteration 4; function evaluation 6
Function value 2.3273e+03; maximum gradient component mag 7.7953e+00
Exit code = 1;  converg criter 1.0000e+01
Var    Value     Gradient |Var    Value     Gradient |Var    Value     Gradient
  1  0.04948  7.79529e+00 |

 - final statistics:
1 variables; iteration 0; function evaluation 0
Function value 2.3273e+03; maximum gradient component mag 7.7953e+00
Exit code = 0;  converg criter 1.0000e+01
Var    Value     Gradient |Var    Value     Gradient |Var    Value     Gradient
  1  0.04948  7.79529e+00 |

Initial statistics: 48 variables; iteration 0; function evaluation 0; phase 3
Function value 2.3501156e+03; maximum gradient component mag -4.0598e+03
Var    Value     Gradient |Var    Value     Gradient |Var    Value     Gradient
  1 -0.59056 -1.31964e+03 |  2 -0.60900 -1.53735e+03 |  3 -0.60892 -4.05983e+03
  4 -0.58136 -1.84630e+03 |  5  0.04948  7.79529e+00 |  6  0.00000  9.90872e+01
  7  0.00000  1.10330e+02 |  8  0.00000  1.08734e+02 |  9  0.00000  1.19930e+02
 10  0.00000  9.06933e+01 | 11  0.00000  6.11051e+01 | 12  0.00000  9.51523e+01
 13  0.00000  1.18849e+02 | 14  0.00000  1.06284e+02 | 15  0.00000 -1.43102e+01
 16  0.00000  2.86986e+01 | 17  0.00000 -9.46896e+01 | 18  0.00000  5.39495e+01
 19  0.00000  1.57641e+02 | 20  0.00000 -4.58115e+02 | 21  0.00000 -1.69691e+02
 22  0.00000  2.60048e+02 | 23  0.00000  2.72303e+02 | 24  0.00000  1.86276e+02
 25  0.00000 -3.18906e+02 | 26  0.00000 -4.66414e+02 | 27  0.00000 -1.30052e+02
 28  0.00000  2.00435e+02 | 29  0.00000  2.77332e+02 | 30  0.00000  3.48181e+02
 31  0.00000  2.50572e+01 | 32  0.00000 -6.87084e+01 | 33  0.00000 -1.74214e+02
 34  0.00000 -5.70525e+02 | 35  0.00000 -1.61900e+02 | 36  0.00000 -2.12256e+02
 37  0.00000 -4.81650e+01 | 38  0.00000  6.94254e+01 | 39  0.00000 -3.31551e+00
 40  0.00000  2.02158e+01 | 41  0.00000  2.71568e+01 | 42  0.00000  2.71890e+01
 43  0.00000  2.71892e+01 | 44 -0.89882 -3.76502e+02 | 45 -0.73678  5.97119e+01
 46 -0.78047  1.59725e+01 | 47 -0.82278 -2.58028e+01 | 48 -0.67463 -2.68600e+00

Intermediate statistics: 48 variables; iteration 20; function evaluation 24; phase 3
Function value 2.2297047e+03; maximum gradient component mag -4.4735e+03
Var    Value     Gradient |Var    Value     Gradient |Var    Value     Gradient
  1 -0.59278 -4.47345e+03 |  2 -0.60585 -2.61917e+03 |  3 -0.61538 -5.49770e+02
  4 -0.56339  5.15980e+01 |  5  0.04151  9.78434e+02 |  6 -0.08086 -2.03948e+01
  7 -0.08293 -2.00587e+01 |  8 -0.05145 -1.65556e+01 |  9 -0.05478 -1.65167e+01
 10  0.00079 -1.20477e+01 | 11  0.02639 -1.69417e+01 | 12  0.00816 -1.48213e+01
 13  0.00130 -1.09574e+01 | 14  0.01261  2.37135e+00 | 15  0.04589  2.38215e+01
 16  0.03325  2.51102e+01 | 17  0.04390 -6.80836e+00 | 18  0.03549  3.80887e+01
 19  0.06218  5.65063e+02 | 20  0.02927 -6.83301e+02 | 21  0.06248  1.63452e+02
 22 -0.00182 -1.28590e+02 | 23  0.00321 -4.61885e+01 | 24 -0.04304 -4.34679e+01
 25  0.06406  2.29241e+01 | 26  0.12106  1.36558e+02 | 27  0.02291  2.89622e+01
 28 -0.06970 -1.61631e+01 | 29  0.03665  9.16560e+00 | 30 -0.16318 -2.65534e+01
 31  0.05791  5.75189e+01 | 32  0.05574 -1.41863e+01 | 33 -0.15948 -6.89458e+01
 34  0.15753 -5.83132e+01 | 35 -0.08921 -6.67482e+01 | 36  0.09792 -1.06022e+01
 37  0.03562 -3.70721e+01 | 38 -0.02730 -4.04029e+01 | 39  0.02781 -2.80397e+01
 40 -0.03454 -3.00164e+01 | 41 -0.06635 -2.77866e+01 | 42 -0.06636 -2.77883e+01
 43 -0.06636 -2.77883e+01 | 44 -0.92328 -2.28692e+01 | 45 -0.79031 -3.77196e+01
 46 -0.86084  2.05911e+00 | 47 -0.84313 -2.63243e+01 | 48 -0.70266 -1.13122e+00
48 variables; iteration 40; function evaluation 48; phase 3
Function value 2.2021933e+03; maximum gradient component mag -1.6134e+03
Var    Value     Gradient |Var    Value     Gradient |Var    Value     Gradient
  1 -0.59355 -1.61342e+03 |  2 -0.60299 -8.51057e+02 |  3 -0.61364 -4.92749e+02
  4 -0.56807 -1.40721e+02 |  5  0.04153  4.08737e+02 |  6 -0.04791  7.48229e+00
  7 -0.04864  8.97200e+00 |  8 -0.05611 -6.81262e+00 |  9 -0.07750 -1.71637e+01
 10 -0.03451 -2.97157e+01 | 11  0.04483  1.77119e+01 | 12 -0.00503 -1.77664e+01
 13  0.00856  1.25027e+01 | 14  0.00848 -1.59747e+00 | 15  0.04142  1.87207e+00
 16  0.03018  1.08743e+01 | 17  0.04244 -5.57600e+00 | 18  0.02990  8.38509e-02
 19  0.03630  1.53342e+02 | 20  0.05463 -1.12408e+02 | 21  0.04745  1.41029e+01
 22  0.00497 -1.41072e+01 | 23 -0.00129 -9.42757e+00 | 24 -0.04682 -2.27740e+01
 25  0.05614 -1.15182e+01 | 26  0.10242  1.68859e+01 | 27  0.01805  7.56262e+00
 28 -0.06071 -1.01178e+00 | 29  0.02242  6.42877e+00 | 30 -0.13398 -4.81403e-01
 31  0.04433  3.22882e+01 | 32  0.04824 -1.29684e+01 | 33 -0.14766 -5.23003e+01
 34  0.14620 -1.92793e+00 | 35 -0.04559 -1.26564e+01 | 36  0.08012 -7.44928e+00
 37  0.02256 -2.45484e+01 | 38 -0.01663  9.48603e+00 | 39 -0.03730 -4.44892e+01
 40  0.00015 -1.26818e+00 | 41 -0.04491 -6.19673e+00 | 42 -0.04491 -6.19592e+00
 43 -0.04491 -6.19589e+00 | 44 -0.90413 -3.51302e+01 | 45 -0.79982 -2.17588e+01
 46 -0.98694 -1.11554e+00 | 47 -0.82623  7.45635e+00 | 48 -0.70426 -9.05930e+00
48 variables; iteration 60; function evaluation 75; phase 3
Function value 2.1932969e+03; maximum gradient component mag 8.8007e-01
Var    Value     Gradient |Var    Value     Gradient |Var    Value     Gradient
  1 -0.59358  3.04540e-01 |  2 -0.60219  1.25408e-01 |  3 -0.61272  7.89762e-01
  4 -0.57015  3.89774e-01 |  5  0.03847  8.80067e-01 |  6 -0.06654 -2.07447e-02
  7 -0.07071 -9.36295e-03 |  8 -0.04312 -7.97857e-03 |  9 -0.04898  9.15580e-03
 10  0.00557  1.07231e-02 | 11  0.03561  1.23721e-02 | 12  0.01274  1.02417e-02
 13  0.00475  1.83716e-02 | 14  0.01415  1.46351e-02 | 15  0.04702  5.38831e-03
 16  0.03383  1.23373e-02 | 17  0.04771  1.66222e-02 | 18  0.03332  6.54659e-03
 19  0.02920 -5.69241e-02 | 20  0.06124 -5.47133e-03 | 21  0.04715  5.97032e-02
 22  0.00635 -4.49826e-03 | 23 -0.00202  6.49478e-03 | 24 -0.04158 -7.64802e-04
 25  0.05466 -3.46735e-03 | 26  0.09495 -4.44582e-02 | 27  0.01038 -5.37331e-02
 28 -0.06738 -3.61341e-02 | 29  0.01298 -8.29525e-02 | 30 -0.14444 -8.71903e-03
 31  0.03038 -3.69967e-02 | 32  0.02394  3.27717e-02 | 33 -0.05915  1.17493e-02
 34  0.12477  7.57428e-02 | 35 -0.04239 -1.50003e-02 | 36  0.06461  3.74490e-02
 37  0.01740  8.31242e-03 | 38 -0.03864 -8.22017e-03 | 39  0.01319 -4.07441e-03
 40 -0.02419 -1.48056e-02 | 41 -0.05909 -1.10683e-02 | 42 -0.05909 -7.90160e-03
 43 -0.05908 -5.65170e-03 | 44 -0.83287  6.37113e-02 | 45 -0.81605 -1.58706e-02
 46 -1.08899  5.63882e-03 | 47 -0.85545  3.32039e-04 | 48 -0.70323  1.36465e-02
Warning: the following parameters had issues
  Q_parm[6] is within 1% of lower bound: 0.00000e+00 < 2.44152e-02 < 5.00000e+00


 - final statistics:
48 variables; iteration 68; function evaluation 83
Function value 2.1933e+03; maximum gradient component mag 6.3183e-05
Exit code = 1;  converg criter 1.0000e-04
Var    Value     Gradient |Var    Value     Gradient |Var    Value     Gradient
  1 -0.59358  6.31831e-05 |  2 -0.60219  4.15577e-05 |  3 -0.61272 -1.59478e-05
  4 -0.57015 -7.84475e-06 |  5  0.03846  2.48242e-05 |  6 -0.06650 -3.44102e-07
  7 -0.07070 -4.02843e-07 |  8 -0.04311  5.68846e-09 |  9 -0.04900 -7.06968e-07
 10  0.00557 -1.10522e-06 | 11  0.03561  2.93868e-06 | 12  0.01275  3.58828e-07
 13  0.00475  5.83285e-07 | 14  0.01416  6.35292e-07 | 15  0.04703  2.27950e-06
 16  0.03383  9.83951e-07 | 17  0.04771 -1.27476e-08 | 18  0.03332  1.16150e-07
 19  0.02921  2.77654e-06 | 20  0.06124  3.41583e-06 | 21  0.04715 -2.14900e-06
 22  0.00636  5.97090e-06 | 23 -0.00202  3.28671e-06 | 24 -0.04157 -4.74437e-08
 25  0.05466  4.62861e-07 | 26  0.09496  5.04309e-06 | 27  0.01040 -3.64500e-06
 28 -0.06739 -3.35650e-06 | 29  0.01301 -7.01688e-06 | 30 -0.14448 -2.69299e-06
 31  0.03041 -8.78045e-06 | 32  0.02394 -4.99827e-06 | 33 -0.05914  4.56753e-08
 34  0.12478  1.11136e-05 | 35 -0.04237  7.10089e-07 | 36  0.06461 -3.85403e-07
 37  0.01740  4.35166e-07 | 38 -0.03864 -9.83800e-07 | 39  0.01317 -8.10801e-07
 40 -0.02420 -4.68174e-07 | 41 -0.05913 -4.85825e-07 | 42 -0.05914 -3.77737e-07
 43 -0.05914 -3.19044e-07 | 44 -0.83292  1.61658e-07 | 45 -0.81603  3.71634e-06
 46 -1.08904  3.31175e-07 | 47 -0.85544  1.59937e-06 | 48 -0.70325  1.41674e-06
size of file gradfil1.tmp = 0
size of file gradfil2.tmp = 0
size of file varssave.tmp = 0
size of file cmpdiff.tmp = 0
