
Initial statistics: 1 variables; iteration 0; function evaluation 0; phase 1
Function value 2.8453166e+03; maximum gradient component mag -1.3578e+03
Var    Value     Gradient |Var    Value     Gradient |Var    Value     Gradient
  1  0.05395 -1.35777e+03 |

 - final statistics:
1 variables; iteration 3; function evaluation 5
Function value 2.8434e+03; maximum gradient component mag -7.8788e+00
Exit code = 1;  converg criter 1.0000e+01
Var    Value     Gradient |Var    Value     Gradient |Var    Value     Gradient
  1  0.05691 -7.87876e+00 |

 - final statistics:
1 variables; iteration 0; function evaluation 0
Function value 2.8434e+03; maximum gradient component mag -7.8788e+00
Exit code = 0;  converg criter 1.0000e+01
Var    Value     Gradient |Var    Value     Gradient |Var    Value     Gradient
  1  0.05691 -7.87876e+00 |

Initial statistics: 48 variables; iteration 0; function evaluation 0; phase 3
Function value 2.8662426e+03; maximum gradient component mag -3.4396e+03
Var    Value     Gradient |Var    Value     Gradient |Var    Value     Gradient
  1 -0.59056 -2.49031e+03 |  2 -0.60900 -9.38330e+02 |  3 -0.60892 -3.43959e+03
  4 -0.58136 -9.30761e+02 |  5  0.05691 -7.87876e+00 |  6  0.00000  1.35552e+02
  7  0.00000  1.49344e+02 |  8  0.00000  1.50502e+02 |  9  0.00000  1.64886e+02
 10  0.00000  1.39299e+02 | 11  0.00000  1.14028e+02 | 12  0.00000  1.53866e+02
 13  0.00000  1.83715e+02 | 14  0.00000  1.76907e+02 | 15  0.00000  6.07172e+01
 16  0.00000  1.04685e+02 | 17  0.00000 -2.55252e+01 | 18  0.00000  1.04039e+02
 19  0.00000  1.85630e+02 | 20  0.00000 -4.43365e+02 | 21  0.00000 -1.51480e+02
 22  0.00000  2.86892e+02 | 23  0.00000  3.01317e+02 | 24  0.00000  2.07123e+02
 25  0.00000 -3.07421e+02 | 26  0.00000 -4.59351e+02 | 27  0.00000 -1.32481e+02
 28  0.00000  1.91436e+02 | 29  0.00000  2.70233e+02 | 30  0.00000  3.42014e+02
 31  0.00000  2.10806e+01 | 32  0.00000 -7.88927e+01 | 33  0.00000 -2.13130e+02
 34  0.00000 -6.53690e+02 | 35  0.00000 -2.88285e+02 | 36  0.00000 -3.35853e+02
 37  0.00000 -2.51120e+02 | 38  0.00000 -8.81802e+00 | 39  0.00000 -2.41666e+02
 40  0.00000 -8.38780e+01 | 41  0.00000  2.48735e+02 | 42  0.00000 -9.38235e+01
 43  0.00000  7.67774e+01 | 44 -0.89882 -5.13315e+02 | 45 -0.73678  7.03741e+01
 46 -0.78047  1.25671e+01 | 47 -0.82278 -3.04262e+01 | 48 -0.67463  4.77354e+00

Intermediate statistics: 48 variables; iteration 20; function evaluation 27; phase 3
Function value 2.7136843e+03; maximum gradient component mag -2.7881e+03
Var    Value     Gradient |Var    Value     Gradient |Var    Value     Gradient
  1 -0.59720 -1.69461e+03 |  2 -0.59688  9.61361e+02 |  3 -0.61626 -2.78806e+03
  4 -0.56606 -4.85232e+02 |  5  0.04426 -5.94574e+02 |  6 -0.08315  1.78113e+01
  7 -0.08530  1.82829e+01 |  8 -0.05415  2.06238e+01 |  9 -0.05733  2.35542e+01
 10  0.00036  3.19677e+01 | 11  0.02397  3.26101e+01 | 12  0.00408  3.92841e+01
 13 -0.00272  4.61444e+01 | 14  0.00409  4.76037e+01 | 15  0.02794  2.24529e+01
 16  0.01474  1.51628e+01 | 17  0.02589 -2.67973e+01 | 18  0.00830 -9.60761e+01
 19  0.00873 -8.62593e+01 | 20  0.05603  1.46064e+02 | 21  0.03527 -5.13430e+01
 22 -0.00873 -5.64242e+01 | 23 -0.00361  2.16791e+01 | 24 -0.03187  1.56225e+01
 25  0.03853 -9.82564e+01 | 26  0.09293 -1.43856e+02 | 27 -0.00414 -3.10711e+01
 28 -0.03865  3.58637e+01 | 29  0.02356  6.26804e+01 | 30 -0.14171  2.43423e+01
 31  0.03989  9.19562e+00 | 32  0.02134  7.16003e+00 | 33 -0.04496  2.18140e+01
 34  0.11093 -1.58381e+01 | 35 -0.01692  5.71395e+01 | 36  0.05325  4.43417e+01
 37  0.03148 -1.44567e+01 | 38  0.00397  1.34531e+01 | 39  0.03871 -5.00722e+01
 40  0.02474  3.82299e+00 | 41 -0.05568  6.36841e+01 | 42  0.04410  1.05195e+01
 43 -0.09872  2.26787e+01 | 44 -0.85504  2.91404e+00 | 45 -0.76833  7.97840e+00
 46 -0.79185  1.99780e+00 | 47 -0.83501 -8.05210e-01 | 48 -0.67473 -5.34790e+00
48 variables; iteration 40; function evaluation 52; phase 3
Function value 2.6926562e+03; maximum gradient component mag -1.5389e+03
Var    Value     Gradient |Var    Value     Gradient |Var    Value     Gradient
  1 -0.59172 -1.53890e+03 |  2 -0.60771 -8.73732e+02 |  3 -0.61206  3.87567e+02
  4 -0.57384  3.81849e+02 |  5  0.04513 -8.39945e+02 |  6 -0.09599  3.04457e+00
  7 -0.08415  7.25491e+00 |  8 -0.04937  8.25620e+00 |  9 -0.06654  3.67855e+00
 10 -0.01672 -6.15620e+00 | 11  0.02742  1.01286e+00 | 12  0.00102 -3.38489e-01
 13 -0.00634  2.65335e-01 | 14  0.00105 -5.26385e+00 | 15  0.03460 -8.64765e+00
 16  0.02176 -2.26957e+00 | 17  0.03479 -1.17721e+01 | 18  0.02111 -1.03961e+01
 19  0.01818 -1.35406e+01 | 20  0.05405  6.20116e+00 | 21  0.04173 -2.16936e+01
 22  0.00202 -1.88460e+01 | 23 -0.00210  3.57608e+00 | 24 -0.04216  3.91661e-01
 25  0.05202 -3.29978e+01 | 26  0.09978 -2.55637e+01 | 27  0.01356 -4.51946e+00
 28 -0.06388  6.51390e+00 | 29  0.02061  1.15204e+01 | 30 -0.13389  1.36257e+01
 31  0.03135 -2.44678e+01 | 32  0.03066  1.93567e+01 | 33 -0.05095  2.64849e+01
 34  0.11826  2.93694e+00 | 35 -0.04333 -1.20876e+00 | 36  0.05176  7.11580e-01
 37  0.03667  2.59623e+01 | 38  0.00504  3.65721e+01 | 39  0.04245 -1.09600e+01
 40  0.02310 -1.75561e+00 | 41 -0.06944  3.22710e+01 | 42  0.04133  3.91496e+00
 43 -0.09958  1.72025e+01 | 44 -0.85841 -9.03408e+00 | 45 -0.77748 -1.28848e+01
 46 -0.76159  7.95651e+00 | 47 -0.83601  3.60116e+00 | 48 -0.68023 -1.84065e+00
48 variables; iteration 60; function evaluation 78; phase 3
Function value 2.6886790e+03; maximum gradient component mag 9.0844e-03
Var    Value     Gradient |Var    Value     Gradient |Var    Value     Gradient
  1 -0.59100  9.08444e-03 |  2 -0.60755  3.14065e-03 |  3 -0.60904  8.62737e-04
  4 -0.58028  5.69628e-04 |  5  0.05007  2.49091e-03 |  6 -0.08802 -7.73149e-05
  7 -0.09108 -4.83931e-05 |  8 -0.06444 -7.23086e-05 |  9 -0.06995 -5.96339e-05
 10 -0.01501 -8.73948e-05 | 11  0.01627  1.98634e-05 | 12 -0.00461  1.60463e-05
 13 -0.01077 -3.87965e-05 | 14  0.00011  5.33744e-05 | 15  0.03406 -6.50964e-05
 16  0.02135 -1.23730e-04 | 17  0.03598 -1.74140e-04 | 18  0.02287 -1.23234e-04
 19  0.02002 -7.05859e-06 | 20  0.05415 -9.91709e-05 | 21  0.04291 -5.93100e-05
 22  0.00466  1.27262e-04 | 23 -0.00231  1.66408e-04 | 24 -0.04207 -5.71214e-05
 25  0.05975  6.19251e-04 | 26  0.10105 -3.87846e-04 | 27  0.01855 -4.07197e-04
 28 -0.06079  2.52808e-05 | 29  0.02168  2.24614e-04 | 30 -0.14320  2.46429e-04
 31  0.04295  5.50534e-04 | 32  0.02564  3.85992e-04 | 33 -0.05609 -3.06252e-04
 34  0.12034  1.16354e-04 | 35 -0.03663 -2.48495e-04 | 36  0.05453  2.28918e-04
 37  0.03864  8.98705e-05 | 38  0.00433  1.05402e-04 | 39  0.04949 -6.65551e-05
 40  0.02948  5.85641e-05 | 41 -0.07551  3.51093e-05 | 42  0.04718 -9.65343e-06
 43 -0.10682 -4.00181e-05 | 44 -0.87087  1.14282e-04 | 45 -0.75850 -1.85375e-04
 46 -0.78754 -1.39247e-05 | 47 -0.83256 -6.31417e-05 | 48 -0.68366  2.70853e-05
  ic > imax  in fminim is answer attained ?
Var    Value     Gradient |Var    Value     Gradient |Var    Value     Gradient
  1 -0.59100  6.95413e-05 |  2 -0.60755  3.49068e-05 |  3 -0.60904  1.52304e-04
  4 -0.58028  3.55920e-05 |  5  0.05007 -9.81285e-05 |  6 -0.08802 -1.35576e-06
  7 -0.09108 -1.40509e-06 |  8 -0.06444 -1.71657e-06 |  9 -0.06995 -8.35475e-07
 10 -0.01501 -1.86667e-06 | 11  0.01627 -4.73294e-06 | 12 -0.00461 -3.71137e-06
 13 -0.01077 -3.69685e-06 | 14  0.00011 -2.84792e-06 | 15  0.03406 -3.88288e-06
 16  0.02135 -4.21919e-06 | 17  0.03598 -4.65700e-06 | 18  0.02287 -3.16938e-06
 19  0.02002 -2.84773e-06 | 20  0.05415  9.14589e-07 | 21  0.04291 -3.15145e-06
 22  0.00466 -5.89552e-07 | 23 -0.00231 -1.59615e-06 | 24 -0.04207 -5.65217e-07
 25  0.05975 -7.60128e-07 | 26  0.10105 -4.10812e-06 | 27  0.01855  1.61413e-06
 28 -0.06079  4.85782e-06 | 29  0.02168  2.91978e-06 | 30 -0.14320  3.23759e-06
 31  0.04295  1.04833e-06 | 32  0.02564  2.97593e-06 | 33 -0.05609  3.01165e-06
 34  0.12034  2.71396e-06 | 35 -0.03663  3.37996e-06 | 36  0.05453  4.03039e-06
 37  0.03864  5.55843e-06 | 38  0.00433  4.36192e-06 | 39  0.04949  4.66170e-06
 40  0.02948  3.74470e-06 | 41 -0.07551  1.74450e-06 | 42  0.04718  2.23975e-06
 43 -0.10682  7.96375e-07 | 44 -0.87087  2.80326e-06 | 45 -0.75850  3.74774e-07
 46 -0.78754  8.62764e-07 | 47 -0.83256  1.80640e-08 | 48 -0.68366 -1.70626e-06
Function minimizer not making progress ... is minimum attained?
Minimprove criterion = 0.0000e+00

 - final statistics:
48 variables; iteration 64; function evaluation 111
Function value 2.6887e+03; maximum gradient component mag 1.5230e-04
Exit code = 1;  converg criter 1.0000e-04
Var    Value     Gradient |Var    Value     Gradient |Var    Value     Gradient
  1 -0.59100  6.95413e-05 |  2 -0.60755  3.49068e-05 |  3 -0.60904  1.52304e-04
  4 -0.58028  3.55920e-05 |  5  0.05007 -9.81285e-05 |  6 -0.08802 -1.35576e-06
  7 -0.09108 -1.40509e-06 |  8 -0.06444 -1.71657e-06 |  9 -0.06995 -8.35475e-07
 10 -0.01501 -1.86667e-06 | 11  0.01627 -4.73294e-06 | 12 -0.00461 -3.71137e-06
 13 -0.01077 -3.69685e-06 | 14  0.00011 -2.84792e-06 | 15  0.03406 -3.88288e-06
 16  0.02135 -4.21919e-06 | 17  0.03598 -4.65700e-06 | 18  0.02287 -3.16938e-06
 19  0.02002 -2.84773e-06 | 20  0.05415  9.14589e-07 | 21  0.04291 -3.15145e-06
 22  0.00466 -5.89552e-07 | 23 -0.00231 -1.59615e-06 | 24 -0.04207 -5.65217e-07
 25  0.05975 -7.60128e-07 | 26  0.10105 -4.10812e-06 | 27  0.01855  1.61413e-06
 28 -0.06079  4.85782e-06 | 29  0.02168  2.91978e-06 | 30 -0.14320  3.23759e-06
 31  0.04295  1.04833e-06 | 32  0.02564  2.97593e-06 | 33 -0.05609  3.01165e-06
 34  0.12034  2.71396e-06 | 35 -0.03663  3.37996e-06 | 36  0.05453  4.03039e-06
 37  0.03864  5.55843e-06 | 38  0.00433  4.36192e-06 | 39  0.04949  4.66170e-06
 40  0.02948  3.74470e-06 | 41 -0.07551  1.74450e-06 | 42  0.04718  2.23975e-06
 43 -0.10682  7.96375e-07 | 44 -0.87087  2.80326e-06 | 45 -0.75850  3.74774e-07
 46 -0.78754  8.62764e-07 | 47 -0.83256  1.80640e-08 | 48 -0.68366 -1.70626e-06
size of file gradfil1.tmp = 0
size of file gradfil2.tmp = 0
size of file varssave.tmp = 0
size of file cmpdiff.tmp = 0
