
Initial statistics: 1 variables; iteration 0; function evaluation 0; phase 1
Function value 3.2643302e+03; maximum gradient component mag 1.5223e+03
Var    Value     Gradient |Var    Value     Gradient |Var    Value     Gradient
  1  0.05135  1.52235e+03 |

 - final statistics:
1 variables; iteration 3; function evaluation 5
Function value 3.2627e+03; maximum gradient component mag 3.7900e+00
Exit code = 1;  converg criter 1.0000e+01
Var    Value     Gradient |Var    Value     Gradient |Var    Value     Gradient
  1  0.04933  3.79005e+00 |

 - final statistics:
1 variables; iteration 0; function evaluation 0
Function value 3.2627e+03; maximum gradient component mag 3.7900e+00
Exit code = 0;  converg criter 1.0000e+01
Var    Value     Gradient |Var    Value     Gradient |Var    Value     Gradient
  1  0.04933  3.79005e+00 |

Initial statistics: 48 variables; iteration 0; function evaluation 0; phase 3
Function value 3.2891564e+03; maximum gradient component mag -6.4941e+03
Var    Value     Gradient |Var    Value     Gradient |Var    Value     Gradient
  1 -0.58990 -3.57404e+03 |  2 -0.61129 -2.35887e+03 |  3 -0.61149 -6.49406e+03
  4 -0.57535 -2.54089e+03 |  5  0.04933  3.79005e+00 |  6  0.00000  1.47853e+02
  7  0.00000  1.61768e+02 |  8  0.00000  1.56909e+02 |  9  0.00000  1.73590e+02
 10  0.00000  1.35368e+02 | 11  0.00000  1.05142e+02 | 12  0.00000  1.63334e+02
 13  0.00000  2.19497e+02 | 14  0.00000  2.38031e+02 | 15  0.00000  8.41704e+01
 16  0.00000  1.29161e+02 | 17  0.00000 -7.95649e+01 | 18  0.00000  1.46956e+02
 19  0.00000  2.83033e+02 | 20  0.00000 -8.41373e+02 | 21  0.00000 -3.78010e+02
 22  0.00000  3.52205e+02 | 23  0.00000  3.61693e+02 | 24  0.00000  2.37505e+02
 25  0.00000 -5.27789e+02 | 26  0.00000 -7.29652e+02 | 27  0.00000 -1.86473e+02
 28  0.00000  3.32074e+02 | 29  0.00000  4.73966e+02 | 30  0.00000  5.80537e+02
 31  0.00000  6.05758e+01 | 32  0.00000 -1.45049e+02 | 33  0.00000 -3.09460e+02
 34  0.00000 -9.30188e+02 | 35  0.00000 -2.52520e+02 | 36  0.00000 -3.39554e+02
 37  0.00000 -2.14361e+02 | 38  0.00000  1.79891e+02 | 39  0.00000  3.82482e+01
 40  0.00000  4.01704e+01 | 41  0.00000  5.07641e+01 | 42  0.00000  4.07679e+01
 43  0.00000  4.07832e+01 | 44 -0.90236 -5.48951e+02 | 45 -0.73481  5.90420e+01
 46 -0.78003  1.56648e+01 | 47 -0.82381 -2.68933e+01 | 48 -0.66657  1.64701e+00

Intermediate statistics: 48 variables; iteration 20; function evaluation 27; phase 3
Function value 3.0717864e+03; maximum gradient component mag -5.4452e+03
Var    Value     Gradient |Var    Value     Gradient |Var    Value     Gradient
  1 -0.58984 -2.45206e+03 |  2 -0.61177 -2.44909e+03 |  3 -0.61626 -5.44519e+03
  4 -0.56372 -1.82189e+03 |  5  0.04510  1.07938e+03 |  6 -0.06827  1.61763e+00
  7 -0.06546  5.04370e+00 |  8 -0.03411  1.14666e+01 |  9 -0.03778  1.37891e+01
 10  0.00137  1.09981e+01 | 11  0.01826  3.46185e+00 | 12  0.00152  1.62049e+01
 13 -0.00728  3.01023e+01 | 14 -0.00429  4.15003e+01 | 15  0.02168  3.12352e+01
 16  0.01193  9.45752e+00 | 17  0.03614  1.54433e+02 | 18  0.02447  1.99884e+02
 19  0.02400  2.78376e+02 | 20  0.02941 -7.27551e+02 | 21  0.04466  9.26300e+01
 22 -0.00084 -8.04460e+01 | 23 -0.00231 -2.13113e+01 | 24 -0.03528  2.82542e+00
 25  0.06153 -1.03087e+01 | 26  0.09586 -4.17599e+01 | 27  0.01956  5.14369e+00
 28 -0.05267  1.07072e+01 | 29  0.02211  1.32417e+01 | 30 -0.13371 -9.99461e+00
 31  0.03066 -5.73365e+01 | 32  0.06214  3.30472e+01 | 33 -0.09078 -3.54543e+01
 34  0.13720 -3.85533e+01 | 35 -0.05716 -4.66213e+01 | 36  0.07052 -6.29899e+01
 37  0.05003 -6.45556e+01 | 38  0.00508 -1.41875e+01 | 39  0.02438 -3.87022e+01
 40 -0.00348 -3.10740e+01 | 41 -0.09396 -2.18187e+01 | 42 -0.05860 -2.00187e+01
 43 -0.05856 -2.00165e+01 | 44 -0.92894 -4.35140e+01 | 45 -0.75375 -5.49253e+00
 46 -0.81976  8.77517e-01 | 47 -0.83302 -5.11308e+00 | 48 -0.67984 -1.96572e+00
48 variables; iteration 40; function evaluation 50; phase 3
Function value 3.0572903e+03; maximum gradient component mag -2.4394e+03
Var    Value     Gradient |Var    Value     Gradient |Var    Value     Gradient
  1 -0.59109 -1.68744e+03 |  2 -0.60899 -1.47429e+03 |  3 -0.61458 -2.43937e+03
  4 -0.56697 -9.34417e+02 |  5  0.03773  1.89018e+01 |  6 -0.03872  1.13874e+01
  7 -0.08650 -7.33184e+00 |  8 -0.01326  9.99079e+00 |  9 -0.04123 -1.97223e+00
 10  0.01165 -5.63570e+00 | 11  0.04431  9.69473e+00 | 12  0.02113  1.32434e+01
 13 -0.01113 -2.78763e+01 | 14  0.01587  4.37280e+01 | 15  0.03401 -8.22394e+00
 16  0.02547 -1.49878e+01 | 17  0.04343  3.40812e+01 | 18  0.03217  9.76129e+01
 19  0.02885  1.15343e+02 | 20  0.05060 -3.32116e+02 | 21  0.04812 -2.67348e+01
 22  0.01682  7.48805e+01 | 23  0.00240 -1.11856e+01 | 24 -0.03166  2.98183e-01
 25  0.05581 -3.08381e+01 | 26  0.10771 -3.28295e+00 | 27 -0.00353 -2.12758e+00
 28 -0.03464  3.09409e+01 | 29  0.00702  1.66469e+01 | 30 -0.11819  2.55267e+01
 31  0.03066 -1.55467e+01 | 32  0.04605 -1.96702e+01 | 33 -0.09579 -3.39160e+01
 34  0.12881 -1.55507e+01 | 35 -0.06489 -2.05493e+01 | 36  0.05753 -2.10359e+01
 37  0.03966  7.32111e+00 | 38 -0.00830  3.19215e+01 | 39  0.01058 -2.00028e+00
 40 -0.01759 -9.04246e+00 | 41 -0.13021 -9.44482e+00 | 42 -0.08380 -5.13327e+00
 43 -0.08360 -5.10628e+00 | 44 -0.84605 -2.88949e+01 | 45 -0.79378 -1.21582e+01
 46 -0.83635  3.03133e+00 | 47 -0.86629 -3.07836e+01 | 48 -0.70849 -8.45162e+00
48 variables; iteration 60; function evaluation 75; phase 3
Function value 3.0489984e+03; maximum gradient component mag 4.1282e-02
Var    Value     Gradient |Var    Value     Gradient |Var    Value     Gradient
  1 -0.59204  2.91580e-02 |  2 -0.60584  1.29954e-02 |  3 -0.61362  1.95512e-02
  4 -0.56762  3.81650e-03 |  5  0.03684  4.12824e-02 |  6 -0.05916  1.13983e-04
  7 -0.06174 -4.50562e-04 |  8 -0.02534 -6.40198e-04 |  9 -0.03462 -4.68012e-04
 10  0.01926 -2.55139e-04 | 11  0.04196 -1.44284e-04 | 12  0.01732  7.89241e-05
 13  0.00555 -2.71168e-04 | 14  0.00948 -7.17954e-04 | 15  0.04132 -3.62154e-04
 16  0.03288 -5.33356e-04 | 17  0.04716 -4.68523e-04 | 18  0.03326 -6.58951e-04
 19  0.02949  7.54396e-04 | 20  0.06347 -1.95744e-03 | 21  0.05084  1.01104e-03
 22  0.01108 -4.44745e-04 | 23  0.00455 -7.64746e-04 | 24 -0.03524  1.17556e-04
 25  0.05991 -5.99322e-04 | 26  0.10101  2.68158e-04 | 27  0.01209 -1.00183e-03
 28 -0.07100 -7.89931e-04 | 29  0.01914 -4.30318e-04 | 30 -0.16548  1.70934e-03
 31  0.03551  2.00816e-03 | 32  0.03411  8.55924e-04 | 33 -0.06802 -1.29402e-03
 34  0.11752  4.66200e-03 | 35 -0.05978  4.17867e-03 | 36  0.04692  2.59302e-03
 37  0.02634  6.89625e-04 | 38 -0.03135 -4.73076e-04 | 39 -0.00766 -7.78074e-04
 40 -0.02900 -1.14023e-03 | 41 -0.09582 -1.06321e-03 | 42 -0.05872 -1.48839e-03
 43 -0.05864 -3.92938e-04 | 44 -0.80049  5.10348e-03 | 45 -0.80044  3.36812e-04
 46 -0.88414 -1.47271e-04 | 47 -0.85366  1.67339e-03 | 48 -0.70692 -5.76250e-04
  ic > imax  in fminim is answer attained ?
Var    Value     Gradient |Var    Value     Gradient |Var    Value     Gradient
  1 -0.59204  1.96703e-04 |  2 -0.60584  1.25081e-04 |  3 -0.61362 -1.27143e-04
  4 -0.56762 -6.31256e-05 |  5  0.03684 -1.79481e-04 |  6 -0.05916 -5.89191e-07
  7 -0.06174 -3.45855e-06 |  8 -0.02534 -1.35659e-06 |  9 -0.03462 -6.91396e-07
 10  0.01926 -9.69548e-07 | 11  0.04197 -2.95971e-06 | 12  0.01732 -2.51522e-06
 13  0.00555 -7.40736e-07 | 14  0.00948 -3.03500e-06 | 15  0.04132 -5.65228e-08
 16  0.03288  4.69991e-07 | 17  0.04716  2.22317e-07 | 18  0.03326  5.40642e-06
 19  0.02949 -5.19354e-07 | 20  0.06347 -1.63518e-05 | 21  0.05084 -2.50939e-06
 22  0.01108  2.06493e-06 | 23  0.00455  1.07271e-06 | 24 -0.03524  9.17945e-07
 25  0.05991  1.16487e-05 | 26  0.10101  1.34846e-05 | 27  0.01209  5.42196e-06
 28 -0.07100  1.04852e-05 | 29  0.01914 -3.54568e-08 | 30 -0.16548 -2.43008e-06
 31  0.03551 -3.29175e-07 | 32  0.03411 -1.22454e-05 | 33 -0.06802 -9.07374e-08
 34  0.11752  6.01210e-07 | 35 -0.05978  4.94956e-06 | 36  0.04692 -5.93608e-06
 37  0.02634 -5.75153e-06 | 38 -0.03135 -1.05379e-06 | 39 -0.00766  1.21182e-06
 40 -0.02900  3.50376e-06 | 41 -0.09582  3.32406e-06 | 42 -0.05872  9.92653e-07
 43 -0.05865  4.75030e-06 | 44 -0.80049 -7.62606e-06 | 45 -0.80044  8.92991e-06
 46 -0.88414  2.01777e-06 | 47 -0.85366 -2.48537e-07 | 48 -0.70692  1.73139e-06
Function minimizer not making progress ... is minimum attained?
Minimprove criterion = 0.0000e+00
Warning: the following parameters had issues
  Q_parm[6] is within 1% of lower bound: 0.0000e+00 < 4.1286e-02 < 5.0000e+00


 - final statistics:
48 variables; iteration 67; function evaluation 116
Function value 3.0490e+03; maximum gradient component mag 1.9670e-04
Exit code = 1;  converg criter 1.0000e-04
Var    Value     Gradient |Var    Value     Gradient |Var    Value     Gradient
  1 -0.59204  1.96703e-04 |  2 -0.60584  1.25081e-04 |  3 -0.61362 -1.27143e-04
  4 -0.56762 -6.31256e-05 |  5  0.03684 -1.79481e-04 |  6 -0.05916 -5.89191e-07
  7 -0.06174 -3.45855e-06 |  8 -0.02534 -1.35659e-06 |  9 -0.03462 -6.91396e-07
 10  0.01926 -9.69548e-07 | 11  0.04197 -2.95971e-06 | 12  0.01732 -2.51522e-06
 13  0.00555 -7.40736e-07 | 14  0.00948 -3.03500e-06 | 15  0.04132 -5.65228e-08
 16  0.03288  4.69991e-07 | 17  0.04716  2.22317e-07 | 18  0.03326  5.40642e-06
 19  0.02949 -5.19354e-07 | 20  0.06347 -1.63518e-05 | 21  0.05084 -2.50939e-06
 22  0.01108  2.06493e-06 | 23  0.00455  1.07271e-06 | 24 -0.03524  9.17945e-07
 25  0.05991  1.16487e-05 | 26  0.10101  1.34846e-05 | 27  0.01209  5.42196e-06
 28 -0.07100  1.04852e-05 | 29  0.01914 -3.54568e-08 | 30 -0.16548 -2.43008e-06
 31  0.03551 -3.29175e-07 | 32  0.03411 -1.22454e-05 | 33 -0.06802 -9.07374e-08
 34  0.11752  6.01210e-07 | 35 -0.05978  4.94956e-06 | 36  0.04692 -5.93608e-06
 37  0.02634 -5.75153e-06 | 38 -0.03135 -1.05379e-06 | 39 -0.00766  1.21182e-06
 40 -0.02900  3.50376e-06 | 41 -0.09582  3.32406e-06 | 42 -0.05872  9.92653e-07
 43 -0.05865  4.75030e-06 | 44 -0.80049 -7.62606e-06 | 45 -0.80044  8.92991e-06
 46 -0.88414  2.01777e-06 | 47 -0.85366 -2.48537e-07 | 48 -0.70692  1.73139e-06
size of file gradfil1.tmp = 0
size of file gradfil2.tmp = 0
size of file varssave.tmp = 0
size of file cmpdiff.tmp = 0
