
Initial statistics: 1 variables; iteration 0; function evaluation 0; phase 1
Function value 2.5470226e+03; maximum gradient component mag 9.3325e+02
Var    Value     Gradient |Var    Value     Gradient |Var    Value     Gradient
  1  0.05395  9.33255e+02 |

 - final statistics:
1 variables; iteration 2; function evaluation 4
Function value 2.5458e+03; maximum gradient component mag -2.2452e+00
Exit code = 1;  converg criter 1.0000e+01
Var    Value     Gradient |Var    Value     Gradient |Var    Value     Gradient
  1  0.05154 -2.24522e+00 |

 - final statistics:
1 variables; iteration 0; function evaluation 0
Function value 2.5458e+03; maximum gradient component mag -2.2452e+00
Exit code = 0;  converg criter 1.0000e+01
Var    Value     Gradient |Var    Value     Gradient |Var    Value     Gradient
  1  0.05154 -2.24522e+00 |

Initial statistics: 48 variables; iteration 0; function evaluation 0; phase 3
Function value 2.5686425e+03; maximum gradient component mag -3.5911e+03
Var    Value     Gradient |Var    Value     Gradient |Var    Value     Gradient
  1 -0.59056 -1.98864e+03 |  2 -0.60900 -1.36684e+03 |  3 -0.60892 -3.59112e+03
  4 -0.58136 -1.35316e+03 |  5  0.05154 -2.24522e+00 |  6  0.00000  1.14335e+02
  7  0.00000  1.26508e+02 |  8  0.00000  1.25886e+02 |  9  0.00000  1.38161e+02
 10  0.00000  1.10142e+02 | 11  0.00000  8.19618e+01 | 12  0.00000  1.17931e+02
 13  0.00000  1.43663e+02 | 14  0.00000  1.32994e+02 | 15  0.00000  1.39017e+01
 16  0.00000  5.73990e+01 | 17  0.00000 -6.78067e+01 | 18  0.00000  7.53944e+01
 19  0.00000  1.72761e+02 | 20  0.00000 -4.46461e+02 | 21  0.00000 -1.56291e+02
 22  0.00000  2.76657e+02 | 23  0.00000  2.89460e+02 | 24  0.00000  1.99364e+02
 25  0.00000 -3.11953e+02 | 26  0.00000 -4.64776e+02 | 27  0.00000 -1.33765e+02
 28  0.00000  1.96338e+02 | 29  0.00000  2.78718e+02 | 30  0.00000  3.52877e+02
 31  0.00000  3.01551e+01 | 32  0.00000 -6.75712e+01 | 33  0.00000 -1.87929e+02
 34  0.00000 -6.06692e+02 | 35  0.00000 -2.23517e+02 | 36  0.00000 -2.72151e+02
 37  0.00000 -1.86160e+02 | 38  0.00000  5.31970e+01 | 39  0.00000 -8.21226e+01
 40  0.00000 -3.09651e+01 | 41  0.00000  8.85813e+01 | 42  0.00000  3.03521e+01
 43  0.00000  3.14209e+01 | 44 -0.89882 -4.78212e+02 | 45 -0.73678  6.17918e+01
 46 -0.78047  1.40985e+01 | 47 -0.82278 -2.74143e+01 | 48 -0.67463 -3.63376e-01

Intermediate statistics: 48 variables; iteration 20; function evaluation 25; phase 3
Function value 2.4251172e+03; maximum gradient component mag -2.3320e+03
Var    Value     Gradient |Var    Value     Gradient |Var    Value     Gradient
  1 -0.59040 -2.33204e+03 |  2 -0.61042 -2.26956e+03 |  3 -0.61192 -1.40441e+03
  4 -0.57397 -5.36877e+02 |  5  0.03791  2.03047e+01 |  6 -0.06804  3.85397e+01
  7 -0.07329  3.78668e+01 |  8 -0.04268  3.92117e+01 |  9 -0.04943  3.82141e+01
 10  0.00950  4.09016e+01 | 11  0.03523  3.50672e+01 | 12  0.01384  3.46455e+01
 13  0.00599  3.32570e+01 | 14  0.01846  4.06135e+01 | 15  0.05556  7.09800e+01
 16  0.03823  6.64302e+01 | 17  0.05037  7.05848e+01 | 18  0.02974 -3.73291e-02
 19  0.02568 -2.40685e+01 | 20  0.07845  3.77681e+02 | 21  0.04318 -1.00282e+02
 22  0.00722 -4.33861e+00 | 23  0.00063  8.47541e+00 | 24 -0.04790 -2.44380e+00
 25  0.04775 -1.47730e+01 | 26  0.11097  6.85842e+01 | 27  0.00394  4.23014e+01
 28 -0.04928  4.41893e+01 | 29  0.01204  5.69945e+01 | 30 -0.11875  6.15841e+01
 31  0.04344  1.09114e+02 | 32  0.03599  4.75292e+01 | 33 -0.10452 -9.60789e+00
 34  0.11120 -1.49629e+02 | 35 -0.06204 -8.28857e+00 | 36  0.05738  7.52620e+01
 37  0.03658  7.08811e+01 | 38 -0.01025  8.32738e+00 | 39  0.03048  1.69085e+01
 40  0.01981  2.56134e+01 | 41 -0.16494  2.68503e+01 | 42 -0.04550  3.88679e+01
 43 -0.04514  3.93317e+01 | 44 -0.84237 -6.42971e+01 | 45 -0.80008 -1.07265e+01
 46 -0.80731  3.85677e+00 | 47 -0.84814 -1.23698e+01 | 48 -0.70811 -2.69130e+00
48 variables; iteration 40; function evaluation 45; phase 3
Function value 2.4162097e+03; maximum gradient component mag -9.8464e+02
Var    Value     Gradient |Var    Value     Gradient |Var    Value     Gradient
  1 -0.59247 -9.84645e+02 |  2 -0.60537 -6.18325e+02 |  3 -0.61172 -5.96660e+02
  4 -0.57410 -2.05106e+02 |  5  0.03647 -7.62228e+01 |  6 -0.04211  2.33142e+01
  7 -0.04849  2.22661e+01 |  8 -0.06744  3.19056e+00 |  9 -0.05633  9.22527e+00
 10  0.00496  1.51118e+01 | 11  0.05851  4.82624e+01 | 12  0.01931  2.52395e+01
 13  0.01670  3.38620e+01 | 14  0.01735  1.90889e+01 | 15  0.04637  5.20325e+00
 16  0.03517  1.47432e+01 | 17  0.04965  2.18216e+01 | 18  0.03278 -3.62850e+00
 19  0.02960  7.18359e+00 | 20  0.06550  7.67587e+01 | 21  0.04751 -2.44288e+01
 22  0.00734 -1.04703e+01 | 23 -0.00064 -5.00750e+00 | 24 -0.04003 -1.12841e+00
 25  0.05292 -7.24863e+00 | 26  0.10760  3.82419e+01 | 27  0.01345  1.03723e+01
 28 -0.06169 -3.54576e-01 | 29  0.00988 -3.30975e+00 | 30 -0.10578  3.14736e+01
 31  0.03484  1.47366e+01 | 32  0.03122 -8.92499e+00 | 33 -0.08937 -2.06137e+01
 34  0.11814 -4.84911e+01 | 35 -0.05146 -9.13369e+00 | 36  0.05383  1.14074e+01
 37  0.03296  7.14879e+00 | 38  0.00343  2.90803e+01 | 39  0.03587  1.02517e+01
 40  0.02574  1.19651e+01 | 41 -0.14129  1.15990e+01 | 42 -0.15753 -6.53373e+00
 43 -0.07976  8.78851e+00 | 44 -0.83576 -3.57499e+01 | 45 -0.78959  6.94499e+00
 46 -0.77197  9.71812e+00 | 47 -0.83570  1.29479e+01 | 48 -0.70575  3.03176e+00
48 variables; iteration 60; function evaluation 69; phase 3
Function value 2.4117030e+03; maximum gradient component mag -6.9495e-02
Var    Value     Gradient |Var    Value     Gradient |Var    Value     Gradient
  1 -0.59245  2.46436e-02 |  2 -0.60454  3.13560e-02 |  3 -0.61074 -1.36069e-02
  4 -0.57566 -5.85977e-03 |  5  0.03769 -6.94953e-02 |  6 -0.06370 -1.31409e-03
  7 -0.06803 -1.08237e-03 |  8 -0.04027 -1.24499e-03 |  9 -0.04621 -1.60712e-03
 10  0.00865 -1.93473e-03 | 11  0.03894 -3.57224e-03 | 12  0.01623 -1.97424e-03
 13  0.00824 -2.01894e-03 | 14  0.01749 -2.12666e-03 | 15  0.05003 -3.16834e-03
 16  0.03621 -3.00943e-03 | 17  0.04959 -4.98496e-03 | 18  0.03475 -3.16950e-03
 19  0.03040 -4.97213e-03 | 20  0.06266  6.09715e-04 | 21  0.04924 -4.42367e-03
 22  0.00901 -1.11290e-03 | 23  0.00055 -1.77393e-04 | 24 -0.03998 -7.27738e-04
 25  0.05768 -6.96744e-03 | 26  0.09709 -1.32080e-02 | 27  0.01341 -1.37771e-03
 28 -0.06393  4.31576e-03 | 29  0.01340  5.22746e-03 | 30 -0.14444  6.21106e-03
 31  0.03217  6.16301e-03 | 32  0.01913  3.89610e-03 | 33 -0.06138 -5.38925e-04
 34  0.10876  1.51406e-03 | 35 -0.04707  2.54514e-03 | 36  0.04120  5.24214e-03
 37  0.02308  3.17797e-03 | 38 -0.01396  1.47697e-03 | 39  0.02158  5.76066e-04
 40  0.01019  4.72305e-04 | 41 -0.14771 -4.83625e-04 | 42 -0.05722  1.09546e-03
 43 -0.05768 -9.83176e-04 | 44 -0.79597  4.61682e-03 | 45 -0.80409  2.79672e-03
 46 -0.83833 -4.15513e-04 | 47 -0.85319 -2.54874e-04 | 48 -0.71060 -5.97880e-04
  ic > imax  in fminim is answer attained ?
Var    Value     Gradient |Var    Value     Gradient |Var    Value     Gradient
  1 -0.59245  8.17534e-04 |  2 -0.60454  2.54168e-04 |  3 -0.61074  1.78834e-03
  4 -0.57566  7.41389e-04 |  5  0.03769 -2.83861e-04 |  6 -0.06370 -1.22237e-05
  7 -0.06803 -1.48767e-05 |  8 -0.04027  2.02574e-06 |  9 -0.04621 -1.02526e-05
 10  0.00865 -2.76244e-06 | 11  0.03894 -1.32879e-05 | 12  0.01623 -1.45035e-05
 13  0.00824 -1.60128e-05 | 14  0.01749 -8.78751e-06 | 15  0.05003  2.90889e-06
 16  0.03621  1.93209e-06 | 17  0.04959 -1.33894e-05 | 18  0.03475  6.28105e-06
 19  0.03040  6.29919e-05 | 20  0.06266 -1.52912e-04 | 21  0.04925  1.86658e-05
 22  0.00901  2.29936e-05 | 23  0.00055  1.31178e-05 | 24 -0.03998  1.16391e-05
 25  0.05768 -2.10838e-06 | 26  0.09709  7.50983e-05 | 27  0.01341 -2.81117e-06
 28 -0.06393 -1.29966e-05 | 29  0.01340  1.69297e-05 | 30 -0.14445 -6.87248e-06
 31  0.03217  6.04211e-06 | 32  0.01912  3.65795e-05 | 33 -0.06138  2.60024e-05
 34  0.10875  6.38476e-05 | 35 -0.04707  2.52314e-05 | 36  0.04120  2.77152e-05
 37  0.02308 -2.24800e-06 | 38 -0.01396  6.48731e-06 | 39  0.02158  1.62446e-05
 40  0.01019  1.44733e-05 | 41 -0.14771  8.57862e-06 | 42 -0.05723  4.30216e-06
 43 -0.05767  7.02941e-06 | 44 -0.79597  2.64018e-05 | 45 -0.80409 -4.60214e-05
 46 -0.83833  4.87426e-07 | 47 -0.85319 -3.26616e-05 | 48 -0.71060  2.68284e-06
Function minimizer not making progress ... is minimum attained?
Minimprove criterion = 0.0000e+00

 - final statistics:
48 variables; iteration 64; function evaluation 102
Function value 2.4117e+03; maximum gradient component mag 1.7883e-03
Exit code = 1;  converg criter 1.0000e-04
Var    Value     Gradient |Var    Value     Gradient |Var    Value     Gradient
  1 -0.59245  8.17534e-04 |  2 -0.60454  2.54168e-04 |  3 -0.61074  1.78834e-03
  4 -0.57566  7.41389e-04 |  5  0.03769 -2.83861e-04 |  6 -0.06370 -1.22237e-05
  7 -0.06803 -1.48767e-05 |  8 -0.04027  2.02574e-06 |  9 -0.04621 -1.02526e-05
 10  0.00865 -2.76244e-06 | 11  0.03894 -1.32879e-05 | 12  0.01623 -1.45035e-05
 13  0.00824 -1.60128e-05 | 14  0.01749 -8.78751e-06 | 15  0.05003  2.90889e-06
 16  0.03621  1.93209e-06 | 17  0.04959 -1.33894e-05 | 18  0.03475  6.28105e-06
 19  0.03040  6.29919e-05 | 20  0.06266 -1.52912e-04 | 21  0.04925  1.86658e-05
 22  0.00901  2.29936e-05 | 23  0.00055  1.31178e-05 | 24 -0.03998  1.16391e-05
 25  0.05768 -2.10838e-06 | 26  0.09709  7.50983e-05 | 27  0.01341 -2.81117e-06
 28 -0.06393 -1.29966e-05 | 29  0.01340  1.69297e-05 | 30 -0.14445 -6.87248e-06
 31  0.03217  6.04211e-06 | 32  0.01912  3.65795e-05 | 33 -0.06138  2.60024e-05
 34  0.10875  6.38476e-05 | 35 -0.04707  2.52314e-05 | 36  0.04120  2.77152e-05
 37  0.02308 -2.24800e-06 | 38 -0.01396  6.48731e-06 | 39  0.02158  1.62446e-05
 40  0.01019  1.44733e-05 | 41 -0.14771  8.57862e-06 | 42 -0.05723  4.30216e-06
 43 -0.05767  7.02941e-06 | 44 -0.79597  2.64018e-05 | 45 -0.80409 -4.60214e-05
 46 -0.83833  4.87426e-07 | 47 -0.85319 -3.26616e-05 | 48 -0.71060  2.68284e-06
size of file gradfil1.tmp = 0
size of file gradfil2.tmp = 0
size of file varssave.tmp = 0
size of file cmpdiff.tmp = 0
