
Initial statistics: 1 variables; iteration 0; function evaluation 0; phase 1
Function value 1.2409747e+05; maximum gradient component mag -1.3594e+07
Var    Value     Gradient |Var    Value     Gradient |Var    Value     Gradient
  1  0.06332 -1.35943e+07 |

 - final statistics:
1 variables; iteration 8; function evaluation 14
Function value 4.1460e+03; maximum gradient component mag -6.5760e-03
Exit code = 1;  converg criter 1.0000e+01
Var    Value     Gradient |Var    Value     Gradient |Var    Value     Gradient
  1  0.08478 -6.57601e-03 |

 - final statistics:
1 variables; iteration 0; function evaluation 0
Function value 4.1460e+03; maximum gradient component mag -6.5760e-03
Exit code = 0;  converg criter 1.0000e+01
Var    Value     Gradient |Var    Value     Gradient |Var    Value     Gradient
  1  0.08478 -6.57601e-03 |

Initial statistics: 48 variables; iteration 0; function evaluation 0; phase 3
Function value 4.1688324e+03; maximum gradient component mag -1.3138e+04
Var    Value     Gradient |Var    Value     Gradient |Var    Value     Gradient
  1 -0.59056 -1.31382e+04 |  2 -0.61106 -5.56981e+03 |  3 -0.61669 -1.05926e+04
  4 -0.56679 -4.98486e+03 |  5  0.08478 -6.57588e-03 |  6  0.00000  3.72008e+02
  7  0.00000  3.91586e+02 |  8  0.00000  3.85834e+02 |  9  0.00000  4.23572e+02
 10  0.00000  4.43146e+02 | 11  0.00000  4.63910e+02 | 12  0.00000  5.69255e+02
 13  0.00000  6.63254e+02 | 14  0.00000  7.16932e+02 | 15  0.00000  6.01093e+02
 16  0.00000  6.53825e+02 | 17  0.00000  4.26776e+02 | 18  0.00000  5.30750e+02
 19  0.00000  5.11098e+02 | 20  0.00000 -6.51577e+02 | 21  0.00000 -1.95680e+02
 22  0.00000  5.90044e+02 | 23  0.00000  6.22767e+02 | 24  0.00000  3.44406e+02
 25  0.00000 -5.47835e+02 | 26  0.00000 -7.44654e+02 | 27  0.00000 -2.90335e+02
 28  0.00000  1.36504e+02 | 29  0.00000  2.38426e+02 | 30  0.00000  3.44070e+02
 31  0.00000  8.32523e+01 | 32  0.00000 -1.29383e+01 | 33  0.00000 -4.09299e+02
 34  0.00000 -1.09304e+03 | 35  0.00000 -6.66889e+02 | 36  0.00000 -7.99638e+02
 37  0.00000 -8.44742e+02 | 38  0.00000 -6.87608e+02 | 39  0.00000 -1.02146e+03
 40  0.00000 -7.52309e+02 | 41  0.00000 -1.32484e+02 | 42  0.00000 -6.28901e+02
 43  0.00000 -3.31193e+01 | 44 -0.90466 -3.60830e+02 | 45 -0.69380  8.37599e+01
 46 -0.76612  1.34487e+01 | 47 -0.77247  2.00127e+01 | 48 -0.63643  3.18664e+01

Intermediate statistics: 48 variables; iteration 20; function evaluation 31; phase 3
Function value 3.7672380e+03; maximum gradient component mag 9.6672e+04
Var    Value     Gradient |Var    Value     Gradient |Var    Value     Gradient
  1 -0.58850  3.85754e+04 |  2 -0.61878  1.70901e+04 |  3 -0.61599  5.76888e+04
  4 -0.56998  1.86741e+04 |  5  0.06974  9.66717e+04 |  6 -0.08806 -1.30920e+03
  7 -0.08358 -1.26023e+03 |  8 -0.07115 -1.19126e+03 |  9 -0.07123 -1.14805e+03
 10 -0.06274 -1.07502e+03 | 11 -0.05196 -9.83904e+02 | 12 -0.05487 -9.26830e+02
 13 -0.05081 -8.39151e+02 | 14 -0.04128 -7.34024e+02 | 15 -0.01871 -5.70845e+02
 16 -0.01750 -5.12184e+02 | 17 -0.00686 -5.01916e+02 | 18 -0.01496 -6.26620e+02
 19 -0.01388 -7.40646e+02 | 20  0.03733  2.49884e+01 | 21  0.02523 -4.40524e+02
 22  0.00982 -2.47172e+02 | 23  0.00806 -2.31619e+02 | 24 -0.01179 -5.34176e+02
 25  0.06080  1.01995e+02 | 26  0.07695  3.81311e+02 | 27  0.01697 -3.22487e+02
 28 -0.00054 -3.97539e+02 | 29  0.01410 -1.76040e+02 | 30 -0.00650 -3.06554e+02
 31  0.02272 -2.75444e+01 | 32  0.00222 -1.77655e+02 | 33 -0.00101 -9.49292e+01
 34  0.08628  1.66883e+03 | 35  0.00386  3.68935e+02 | 36  0.04533  1.36130e+03
 37  0.04573  1.65229e+03 | 38  0.02968  1.55968e+03 | 39  0.06108  2.60600e+03
 40  0.04960  2.32222e+03 | 41  0.01092  1.31474e+03 | 42  0.05139  1.58144e+03
 43  0.01013  4.69459e+02 | 44 -1.23614 -1.04780e+02 | 45 -0.67686  2.45434e+01
 46 -0.76568 -6.67764e-01 | 47 -0.75404  1.59938e+01 | 48 -0.60546  3.48637e+00
48 variables; iteration 40; function evaluation 52; phase 3
Function value 3.7480312e+03; maximum gradient component mag 5.7128e+04
Var    Value     Gradient |Var    Value     Gradient |Var    Value     Gradient
  1 -0.58892  2.06061e+04 |  2 -0.61728  8.67800e+03 |  3 -0.61602  3.36124e+04
  4 -0.56973  1.09845e+04 |  5  0.06860  5.71282e+04 |  6 -0.10163 -7.72909e+02
  7 -0.08533 -7.20388e+02 |  8 -0.09805 -7.66764e+02 |  9 -0.04719 -5.53147e+02
 10 -0.06652 -6.33284e+02 | 11 -0.05948 -6.10481e+02 | 12 -0.04730 -4.75667e+02
 13 -0.05135 -4.63618e+02 | 14 -0.03965 -3.80578e+02 | 15 -0.01667 -2.95854e+02
 16 -0.01848 -2.80525e+02 | 17 -0.00496 -2.50853e+02 | 18 -0.01660 -4.06658e+02
 19 -0.01171 -3.88782e+02 | 20  0.03440 -2.53460e+01 | 21  0.02679 -2.42950e+02
 22  0.00493 -1.50260e+02 | 23  0.00089 -1.50772e+02 | 24 -0.01406 -2.72215e+02
 25  0.06572  9.14314e+01 | 26  0.07931  1.80223e+02 | 27  0.01544 -2.22141e+02
 28  0.00296 -1.88035e+02 | 29  0.01865 -3.84995e+01 | 30 -0.00521 -1.02052e+02
 31  0.03083  8.63583e+01 | 32  0.00833 -2.44872e+01 | 33 -0.00102 -5.17933e+01
 34  0.08991  8.92337e+02 | 35  0.00021  1.66554e+02 | 36  0.04870  8.05638e+02
 37  0.04885  9.87912e+02 | 38  0.03058  9.16980e+02 | 39  0.06364  1.52080e+03
 40  0.05191  1.37251e+03 | 41  0.01605  9.19653e+02 | 42  0.05475  8.79403e+02
 43  0.01416  3.75068e+02 | 44 -1.21558 -1.02374e+02 | 45 -0.68208  1.01969e+01
 46 -0.74756  4.09539e+00 | 47 -0.72869  2.36877e+01 | 48 -0.59033  9.02819e+00
48 variables; iteration 60; function evaluation 76; phase 3
Function value 3.7070614e+03; maximum gradient component mag 5.3351e+04
Var    Value     Gradient |Var    Value     Gradient |Var    Value     Gradient
  1 -0.59025  2.97532e+04 |  2 -0.61176  1.41371e+04 |  3 -0.61584  3.30153e+04
  4 -0.56941  1.06121e+04 |  5  0.06635  5.33512e+04 |  6 -0.15390 -8.56924e+02
  7 -0.11496 -7.92385e+02 |  8 -0.03322 -5.61698e+02 |  9 -0.08907 -7.27011e+02
 10 -0.03786 -5.34119e+02 | 11 -0.02019 -4.31634e+02 | 12 -0.05640 -5.79378e+02
 13 -0.05833 -5.69598e+02 | 14 -0.04874 -5.27913e+02 | 15 -0.01023 -3.34403e+02
 16 -0.01612 -3.68707e+02 | 17  0.00095 -2.87483e+02 | 18 -0.00672 -3.20436e+02
 19 -0.00431 -3.21649e+02 | 20  0.03414 -2.00693e+02 | 21  0.03144 -1.81130e+02
 22 -0.00477 -4.08160e+02 | 23 -0.00987 -4.03900e+02 | 24 -0.03168 -4.63191e+02
 25  0.07659  2.08555e+02 | 26  0.07777  2.34652e+02 | 27  0.03815  3.06515e+01
 28 -0.01604 -2.88494e+02 | 29  0.03256  4.20022e+01 | 30 -0.03401 -3.25343e+02
 31  0.04332  1.96469e+02 | 32  0.00431 -2.89078e+01 | 33  0.01538  1.41759e+02
 34  0.08681  8.38440e+02 | 35  0.01426  3.32551e+02 | 36  0.04468  6.90104e+02
 37  0.04854  9.18623e+02 | 38  0.03209  9.24730e+02 | 39  0.06450  1.52642e+03
 40  0.05587  1.43477e+03 | 41 -0.01263  4.43007e+02 | 42  0.08312  1.54907e+03
 43 -0.02900 -5.66424e+01 | 44 -1.09874  8.68379e+00 | 45 -0.68822  3.14961e-01
 46 -0.76318  5.19804e-01 | 47 -0.77267 -4.12751e+00 | 48 -0.61838  1.44641e+00
48 variables; iteration 80; function evaluation 98; phase 3
Function value 3.6878642e+03; maximum gradient component mag 4.4810e+03
Var    Value     Gradient |Var    Value     Gradient |Var    Value     Gradient
  1 -0.59057  2.47404e+03 |  2 -0.61103  1.18236e+03 |  3 -0.61664  2.78142e+03
  4 -0.56692  8.75323e+02 |  5  0.06387  4.48098e+03 |  6 -0.14865 -7.42885e+01
  7 -0.11427 -6.79547e+01 |  8 -0.03872 -4.81020e+01 |  9 -0.05506 -5.04242e+01
 10 -0.03571 -4.44887e+01 | 11 -0.01998 -3.89912e+01 | 12 -0.04375 -4.55562e+01
 13 -0.04782 -4.39604e+01 | 14 -0.03970 -4.50209e+01 | 15 -0.00304 -2.93579e+01
 16 -0.00885 -3.37117e+01 | 17  0.00894 -2.25651e+01 | 18  0.00005 -2.75292e+01
 19  0.00197 -2.95480e+01 | 20  0.04279 -1.35220e+01 | 21  0.03768 -1.65333e+01
 22  0.00172 -3.70586e+01 | 23 -0.00353 -3.00644e+01 | 24 -0.03674 -4.18470e+01
 25  0.07690  9.50144e+00 | 26  0.09729  4.80547e+01 | 27  0.02990 -1.01917e+01
 28 -0.03846 -3.29870e+01 | 29  0.05977  1.87268e+01 | 30 -0.10042 -4.34729e+01
 31  0.06499  3.71670e+01 | 32  0.00681 -9.86166e+00 | 33 -0.03953 -3.23205e+01
 34  0.12547  1.40492e+02 | 35 -0.04747 -2.22708e+01 | 36  0.06226  7.62307e+01
 37  0.05323  8.51314e+01 | 38  0.02541  5.51418e+01 | 39  0.07059  1.29981e+02
 40  0.06111  1.33131e+02 | 41 -0.03153  1.61371e+01 | 42  0.09706  1.60073e+02
 43 -0.07110 -1.95111e+01 | 44 -1.09582 -1.42130e+00 | 45 -0.69428 -4.51108e-01
 46 -0.76582  1.65800e-01 | 47 -0.77274 -3.42034e-01 | 48 -0.63525 -1.23492e-01
Maximum number of function evaluations exceeded

 - final statistics:
48 variables; iteration 83; function evaluation 100
Function value 3.6877e+03; maximum gradient component mag 1.2269e+03
Exit code = 3;  converg criter 1.0000e+00
Var    Value     Gradient |Var    Value     Gradient |Var    Value     Gradient
  1 -0.59056  6.29951e+02 |  2 -0.61109  2.97887e+02 |  3 -0.61670  7.50466e+02
  4 -0.56677  2.53450e+02 |  5  0.06365  1.22688e+03 |  6 -0.14961 -2.36643e+01
  7 -0.11131 -1.94691e+01 |  8 -0.03986 -1.42371e+01 |  9 -0.05546 -1.46349e+01
 10 -0.03690 -1.53018e+01 | 11 -0.01979 -1.35763e+01 | 12 -0.04373 -1.55280e+01
 13 -0.04901 -1.65502e+01 | 14 -0.03837 -1.30354e+01 | 15 -0.00179 -5.43537e+00
 16 -0.00792 -8.11105e+00 | 17  0.00936 -7.28844e+00 | 18  0.00042 -9.48188e+00
 19  0.00236 -1.11676e+01 | 20  0.04342 -2.55382e+00 | 21  0.03825 -5.59317e+00
 22  0.00302 -5.85214e+00 | 23 -0.00368 -1.23569e+01 | 24 -0.03836 -1.41401e+01
 25  0.07968  1.87440e+00 | 26  0.09447  7.01400e+00 | 27  0.03429 -3.67342e+00
 28 -0.04349 -6.43648e+00 | 29  0.06231  5.51735e+00 | 30 -0.10662 -7.31613e+00
 31  0.06589  1.32847e+01 | 32  0.00647 -1.07003e-01 | 33 -0.03626 -5.89489e+00
 34  0.12544  3.75862e+01 | 35 -0.04839 -9.23199e+00 | 36  0.06326  2.48691e+01
 37  0.05357  3.11397e+01 | 38  0.02626  1.81334e+01 | 39  0.07147  3.79415e+01
 40  0.06051  3.14989e+01 | 41 -0.03167  3.70492e+00 | 42  0.09826  5.08357e+01
 43 -0.07702 -3.87018e+00 | 44 -1.09558 -2.50414e-01 | 45 -0.69410 -5.13636e-01
 46 -0.76641 -7.10889e-02 | 47 -0.77301 -5.89422e-01 | 48 -0.63525  1.21310e-02

Initial statistics: 59 variables; iteration 0; function evaluation 0; phase 4
Function value 3.6876627e+03; maximum gradient component mag 1.2269e+03
Var    Value     Gradient |Var    Value     Gradient |Var    Value     Gradient
  1 -0.59056  6.29951e+02 |  2 -0.61109  2.97887e+02 |  3 -0.61670  7.50466e+02
  4 -0.56677  2.53450e+02 |  5  0.06365  1.22688e+03 |  6 -0.14961 -2.36552e+01
  7 -0.11131 -1.94599e+01 |  8 -0.03986 -1.42277e+01 |  9 -0.05546 -1.46256e+01
 10 -0.03690 -1.52924e+01 | 11 -0.01979 -1.35670e+01 | 12 -0.04373 -1.55187e+01
 13 -0.04901 -1.65409e+01 | 14 -0.03837 -1.30261e+01 | 15 -0.00179 -5.42603e+00
 16 -0.00792 -8.10171e+00 | 17  0.00936 -7.27909e+00 | 18  0.00042 -9.47253e+00
 19  0.00236 -1.11583e+01 | 20  0.04342 -2.54449e+00 | 21  0.03825 -5.58384e+00
 22  0.00302 -5.84279e+00 | 23 -0.00368 -1.23476e+01 | 24 -0.03836 -1.41307e+01
 25  0.07968  1.88368e+00 | 26  0.09447  7.02325e+00 | 27  0.03429 -3.66409e+00
 28 -0.04349 -6.42715e+00 | 29  0.06231  5.52665e+00 | 30 -0.10662 -7.30692e+00
 31  0.06589  1.32940e+01 | 32  0.00647 -9.76581e-02 | 33 -0.03626 -5.88556e+00
 34  0.12544  3.75954e+01 | 35 -0.04839 -9.22267e+00 | 36  0.06326  2.48784e+01
 37  0.05357  3.11490e+01 | 38  0.02626  1.81427e+01 | 39  0.07147  3.79508e+01
 40  0.06051  3.15082e+01 | 41 -0.03167  3.71425e+00 | 42  0.09826  5.08449e+01
 43 -0.07702 -3.86090e+00 | 44 -0.90442  2.50414e-01 | 45 -0.69410 -5.13636e-01
 46 -0.76641 -7.10889e-02 | 47 -0.77301 -5.89422e-01 | 48 -0.63525  1.21310e-02
 49  0.22971 -2.19203e-01 | 50  0.08501 -1.13981e+01 | 51  0.09199 -2.40487e+00
 52 -0.14976 -1.46418e+00 | 53  0.06345  6.66519e+00 | 54  0.11480  1.73549e+00
 55 -0.12744  2.94591e+00 | 56 -0.30670  1.19981e+00 | 57  0.10429 -5.55930e-01
 58  0.05219 -1.06563e-01 | 59 -0.13868 -1.50157e-01 |

Intermediate statistics: 59 variables; iteration 20; function evaluation 24; phase 4
Function value 3.6875618e+03; maximum gradient component mag 4.3228e+03
Var    Value     Gradient |Var    Value     Gradient |Var    Value     Gradient
  1 -0.59051  2.36794e+03 |  2 -0.61115  1.10964e+03 |  3 -0.61663  2.66524e+03
  4 -0.56695  8.43040e+02 |  5  0.06350  4.32279e+03 |  6 -0.14227 -7.02308e+01
  7 -0.11041 -6.49833e+01 |  8 -0.04021 -5.05137e+01 |  9 -0.05607 -5.28874e+01
 10 -0.03614 -4.75319e+01 | 11 -0.01965 -4.17850e+01 | 12 -0.04355 -4.81365e+01
 13 -0.04897 -4.98585e+01 | 14 -0.03800 -4.26472e+01 | 15 -0.00129 -2.36237e+01
 16 -0.00756 -2.89157e+01 | 17  0.00966 -2.33584e+01 | 18  0.00086 -2.61889e+01
 19  0.00276 -2.85823e+01 | 20  0.04368 -1.02521e+01 | 21  0.03849 -1.61962e+01
 22  0.00330 -2.75233e+01 | 23 -0.00369 -3.76223e+01 | 24 -0.03827 -4.62104e+01
 25  0.08008  1.42962e+01 | 26  0.09383  3.08278e+01 | 27  0.03684 -6.07806e+00
 28 -0.05002 -3.98046e+01 | 29  0.06576  2.17283e+01 | 30 -0.11911 -5.33839e+01
 31  0.06770  3.60026e+01 | 32  0.00576 -5.97302e+00 | 33 -0.03570 -2.33331e+01
 34  0.12568  1.38891e+02 | 35 -0.04810 -2.35081e+01 | 36  0.06340  8.30156e+01
 37  0.05391  9.21049e+01 | 38  0.02627  6.26047e+01 | 39  0.07181  1.38949e+02
 40  0.06069  1.20892e+02 | 41 -0.03165  1.34105e+01 | 42  0.09855  1.63911e+02
 43 -0.07890 -2.99939e+01 | 44 -0.90485 -3.40632e-01 | 45 -0.69414 -3.39647e-01
 46 -0.76622 -2.55352e-02 | 47 -0.77265 -1.59890e-01 | 48 -0.63599 -8.88355e-02
 49  0.22952  2.39106e-01 | 50  0.08489  7.09676e+00 | 51  0.09209  1.52647e+00
 52 -0.14996  1.26718e+00 | 53  0.06345  9.37866e+01 | 54  0.11480  2.07933e+01
 55 -0.12772  2.22892e+01 | 56 -0.30675  3.89887e+00 | 57  0.10428 -6.50146e-03
 58  0.05216 -1.87246e-02 | 59 -0.13875  4.08753e-02 |
59 variables; iteration 40; function evaluation 45; phase 4
Function value 3.6875366e+03; maximum gradient component mag 3.6440e+03
Var    Value     Gradient |Var    Value     Gradient |Var    Value     Gradient
  1 -0.59053  1.98840e+03 |  2 -0.61111  9.35125e+02 |  3 -0.61666  2.24714e+03
  4 -0.56688  7.12512e+02 |  5  0.06349  3.64396e+03 |  6 -0.14035 -5.84723e+01
  7 -0.11163 -5.50929e+01 |  8 -0.04009 -4.21473e+01 |  9 -0.05633 -4.43520e+01
 10 -0.03596 -3.94538e+01 | 11 -0.01970 -3.48170e+01 | 12 -0.04336 -3.97434e+01
 13 -0.04847 -4.05068e+01 | 14 -0.03801 -3.51056e+01 | 15 -0.00161 -2.01349e+01
 16 -0.00742 -2.16554e+01 | 17  0.00957 -1.98618e+01 | 18  0.00080 -2.21248e+01
 19  0.00266 -2.57205e+01 | 20  0.04365 -8.57636e+00 | 21  0.03851 -1.23311e+01
 22  0.00288 -2.69106e+01 | 23 -0.00325 -2.86633e+01 | 24 -0.03830 -3.80747e+01
 25  0.08016  1.36455e+01 | 26  0.09396  2.57453e+01 | 27  0.03647 -7.08261e+00
 28 -0.05036 -3.34235e+01 | 29  0.06634  1.97882e+01 | 30 -0.12064 -4.54269e+01
 31  0.06752  2.71266e+01 | 32  0.00604 -5.06939e+00 | 33 -0.03569 -1.96433e+01
 34  0.12556  1.16029e+02 | 35 -0.04730 -1.90977e+01 | 36  0.06323  6.80768e+01
 37  0.05380  7.65925e+01 | 38  0.02657  5.38681e+01 | 39  0.07172  1.15451e+02
 40  0.06087  1.02321e+02 | 41 -0.03126  1.23059e+01 | 42  0.09854  1.37050e+02
 43 -0.07962 -2.60367e+01 | 44 -0.90491 -6.39811e-01 | 45 -0.69381  1.22201e-02
 46 -0.76564  1.18754e-01 | 47 -0.77257 -3.29036e-02 | 48 -0.63502  4.36686e-01
 49  0.22974  7.78107e-01 | 50  0.08497  1.36081e+01 | 51  0.09200  2.73409e+00
 52 -0.14982  2.91955e+00 | 53  0.06348  7.92658e+01 | 54  0.11477  1.81368e+01
 55 -0.12756  2.02627e+01 | 56 -0.30719  3.12135e+00 | 57  0.10416  1.97570e-01
 58  0.05303  2.85806e-01 | 59 -0.13895 -8.52224e-02 |
59 variables; iteration 60; function evaluation 71; phase 4
Function value 3.6874993e+03; maximum gradient component mag 4.4475e+02
Var    Value     Gradient |Var    Value     Gradient |Var    Value     Gradient
  1 -0.59058  2.30526e+02 |  2 -0.61102  1.15163e+02 |  3 -0.61672  2.73147e+02
  4 -0.56672  9.17581e+01 |  5  0.06338  4.44754e+02 |  6 -0.14006 -7.43164e+00
  7 -0.11233 -7.26823e+00 |  8 -0.04054 -4.87892e+00 |  9 -0.05569 -4.49771e+00
 10 -0.03583 -4.45746e+00 | 11 -0.01820 -2.14945e+00 | 12 -0.04281 -4.19785e+00
 13 -0.04695 -2.53481e+00 | 14 -0.03794 -3.37282e+00 | 15 -0.00204 -2.70299e+00
 16 -0.00760 -2.18095e+00 | 17  0.00980 -1.89631e+00 | 18  0.00088 -3.42493e+00
 19  0.00291 -2.36366e+00 | 20  0.04380 -8.31195e-01 | 21  0.03864 -1.51963e+00
 22  0.00296 -3.91951e+00 | 23 -0.00292 -2.27675e+00 | 24 -0.03812 -4.02821e+00
 25  0.08054  3.46086e+00 | 26  0.09386  4.75237e+00 | 27  0.03825  9.88557e-02
 28 -0.05376 -2.93170e+00 | 29  0.06784  1.98827e+00 | 30 -0.12589 -5.02916e+00
 31  0.06842  2.28279e+00 | 32  0.00594 -1.18759e+00 | 33 -0.03632 -3.61579e+00
 34  0.12579  1.29854e+01 | 35 -0.04654 -2.74139e+00 | 36  0.06349  6.56833e+00
 37  0.05327  5.54710e+00 | 38  0.02694  5.14027e+00 | 39  0.07192  1.33517e+01
 40  0.06138  1.28688e+01 | 41 -0.03100  1.27556e+00 | 42  0.09832  1.41648e+01
 43 -0.08104 -3.39780e+00 | 44 -0.90482 -2.98398e-01 | 45 -0.69316  8.43770e-01
 46 -0.76601  4.16079e-02 | 47 -0.77351 -9.17059e-01 | 48 -0.63498  7.37722e-01
 49  0.22965 -8.00009e-01 | 50  0.08508  1.43297e+01 | 51  0.09197  3.53937e+00
 52 -0.14969  2.74177e+00 | 53  0.06347  9.96672e+00 | 54  0.11477  3.33318e+00
 55 -0.12732  4.87627e+00 | 56 -0.30592  6.93146e-01 | 57  0.10397 -1.49303e-01
 58  0.05371  5.80484e-01 | 59 -0.13874  6.37057e-01 |
  ic > imax  in fminim is answer attained ?
Var    Value     Gradient |Var    Value     Gradient |Var    Value     Gradient
  1 -0.59056  2.57900e-04 |  2 -0.61106  1.20893e-04 |  3 -0.61669  2.86107e-04
  4 -0.56679  9.15093e-05 |  5  0.06332  4.69204e-04 |  6 -0.13860 -7.38919e-06
  7 -0.11037 -6.92217e-06 |  8 -0.04039 -5.29507e-06 |  9 -0.05626 -5.79157e-06
 10 -0.03526 -5.53262e-06 | 11 -0.01872 -4.79464e-06 | 12 -0.04244 -5.50537e-06
 13 -0.04741 -5.42142e-06 | 14 -0.03782 -4.86602e-06 | 15 -0.00179 -2.53130e-06
 16 -0.00752 -3.29279e-06 | 17  0.00990 -2.49651e-06 | 18  0.00100 -2.64759e-06
 19  0.00295 -3.31185e-06 | 20  0.04386 -1.30738e-06 | 21  0.03870 -1.41873e-06
 22  0.00310 -2.87782e-06 | 23 -0.00298 -4.07681e-06 | 24 -0.03810 -5.29522e-06
 25  0.08060  1.33227e-06 | 26  0.09355  3.09597e-06 | 27  0.03939 -6.35422e-07
 28 -0.05703 -5.03197e-06 | 29  0.06915  3.00802e-06 | 30 -0.13013 -5.93633e-06
 31  0.06910  4.52647e-06 | 32  0.00535 -6.84674e-07 | 33 -0.03544 -2.23171e-06
 34  0.12569  1.51944e-05 | 35 -0.04613 -2.08943e-06 | 36  0.06350  8.92835e-06
 37  0.05349  1.04066e-05 | 38  0.02700  6.95868e-06 | 39  0.07197  1.48056e-05
 40  0.06135  1.24247e-05 | 41 -0.03102  1.60996e-06 | 42  0.09846  1.71136e-05
 43 -0.08133 -2.07595e-06 | 44 -0.90466 -4.44147e-07 | 45 -0.69380 -5.08363e-08
 46 -0.76612  3.00338e-08 | 47 -0.77247  1.77883e-07 | 48 -0.63643 -1.85777e-07
 49  0.22971 -3.92373e-08 | 50  0.08502 -5.88544e-07 | 51  0.09199 -3.22298e-07
 52 -0.14976 -1.82302e-07 | 53  0.06345  9.77574e-06 | 54  0.11480  2.16828e-06
 55 -0.12744  2.08284e-06 | 56 -0.30670  5.04335e-07 | 57  0.10430  1.28199e-08
 58  0.05219 -1.51688e-08 | 59 -0.13868  5.64035e-08 |
Function minimizer not making progress ... is minimum attained?
Minimprove criterion = 0.0000e+00
Warning: the following parameters had issues
  Q_parm[2] is within 1% of lower bound: 0.0000e+00 < 2.7984e-02 < 5.0000e+00


 - final statistics:
59 variables; iteration 73; function evaluation 113
Function value 3.6875e+03; maximum gradient component mag 4.6920e-04
Exit code = 1;  converg criter 1.0000e-04
Var    Value     Gradient |Var    Value     Gradient |Var    Value     Gradient
  1 -0.59056  2.57900e-04 |  2 -0.61106  1.20893e-04 |  3 -0.61669  2.86107e-04
  4 -0.56679  9.15093e-05 |  5  0.06332  4.69204e-04 |  6 -0.13860 -7.38919e-06
  7 -0.11037 -6.92217e-06 |  8 -0.04039 -5.29507e-06 |  9 -0.05626 -5.79157e-06
 10 -0.03526 -5.53262e-06 | 11 -0.01872 -4.79464e-06 | 12 -0.04244 -5.50537e-06
 13 -0.04741 -5.42142e-06 | 14 -0.03782 -4.86602e-06 | 15 -0.00179 -2.53130e-06
 16 -0.00752 -3.29279e-06 | 17  0.00990 -2.49651e-06 | 18  0.00100 -2.64759e-06
 19  0.00295 -3.31185e-06 | 20  0.04386 -1.30738e-06 | 21  0.03870 -1.41873e-06
 22  0.00310 -2.87782e-06 | 23 -0.00298 -4.07681e-06 | 24 -0.03810 -5.29522e-06
 25  0.08060  1.33227e-06 | 26  0.09355  3.09597e-06 | 27  0.03939 -6.35422e-07
 28 -0.05703 -5.03197e-06 | 29  0.06915  3.00802e-06 | 30 -0.13013 -5.93633e-06
 31  0.06910  4.52647e-06 | 32  0.00535 -6.84674e-07 | 33 -0.03544 -2.23171e-06
 34  0.12569  1.51944e-05 | 35 -0.04613 -2.08943e-06 | 36  0.06350  8.92835e-06
 37  0.05349  1.04066e-05 | 38  0.02700  6.95868e-06 | 39  0.07197  1.48056e-05
 40  0.06135  1.24247e-05 | 41 -0.03102  1.60996e-06 | 42  0.09846  1.71136e-05
 43 -0.08133 -2.07595e-06 | 44 -0.90466 -4.44147e-07 | 45 -0.69380 -5.08363e-08
 46 -0.76612  3.00338e-08 | 47 -0.77247  1.77883e-07 | 48 -0.63643 -1.85777e-07
 49  0.22971 -3.92373e-08 | 50  0.08502 -5.88544e-07 | 51  0.09199 -3.22298e-07
 52 -0.14976 -1.82302e-07 | 53  0.06345  9.77574e-06 | 54  0.11480  2.16828e-06
 55 -0.12744  2.08284e-06 | 56 -0.30670  5.04335e-07 | 57  0.10430  1.28199e-08
 58  0.05219 -1.51688e-08 | 59 -0.13868  5.64035e-08 |
Estimating row 1 out of 59 for hessian
Estimating row 2 out of 59 for hessian
Estimating row 3 out of 59 for hessian
Estimating row 4 out of 59 for hessian
Estimating row 5 out of 59 for hessian
Estimating row 6 out of 59 for hessian
Estimating row 7 out of 59 for hessian
Estimating row 8 out of 59 for hessian
Estimating row 9 out of 59 for hessian
Estimating row 10 out of 59 for hessian
Estimating row 11 out of 59 for hessian
Estimating row 12 out of 59 for hessian
Estimating row 13 out of 59 for hessian
Estimating row 14 out of 59 for hessian
Estimating row 15 out of 59 for hessian
Estimating row 16 out of 59 for hessian
Estimating row 17 out of 59 for hessian
Estimating row 18 out of 59 for hessian
Estimating row 19 out of 59 for hessian
Estimating row 20 out of 59 for hessian
Estimating row 21 out of 59 for hessian
Estimating row 22 out of 59 for hessian
Estimating row 23 out of 59 for hessian
Estimating row 24 out of 59 for hessian
Estimating row 25 out of 59 for hessian
Estimating row 26 out of 59 for hessian
Estimating row 27 out of 59 for hessian
Estimating row 28 out of 59 for hessian
Estimating row 29 out of 59 for hessian
Estimating row 30 out of 59 for hessian
Estimating row 31 out of 59 for hessian
Estimating row 32 out of 59 for hessian
Estimating row 33 out of 59 for hessian
Estimating row 34 out of 59 for hessian
Estimating row 35 out of 59 for hessian
Estimating row 36 out of 59 for hessian
Estimating row 37 out of 59 for hessian
Estimating row 38 out of 59 for hessian
Estimating row 39 out of 59 for hessian
Estimating row 40 out of 59 for hessian
Estimating row 41 out of 59 for hessian
Estimating row 42 out of 59 for hessian
Estimating row 43 out of 59 for hessian
Estimating row 44 out of 59 for hessian
Estimating row 45 out of 59 for hessian
Estimating row 46 out of 59 for hessian
Estimating row 47 out of 59 for hessian
Estimating row 48 out of 59 for hessian
Estimating row 49 out of 59 for hessian
Estimating row 50 out of 59 for hessian
Estimating row 51 out of 59 for hessian
Estimating row 52 out of 59 for hessian
Estimating row 53 out of 59 for hessian
Estimating row 54 out of 59 for hessian
Estimating row 55 out of 59 for hessian
Estimating row 56 out of 59 for hessian
Estimating row 57 out of 59 for hessian
Estimating row 58 out of 59 for hessian
Estimating row 59 out of 59 for hessian
size of file gradfil1.tmp = 0
size of file gradfil2.tmp = 0
size of file varssave.tmp = 0
size of file cmpdiff.tmp = 400000016
