
Initial statistics: 1 variables; iteration 0; function evaluation 0; phase 1
Function value 3.4099474e+03; maximum gradient component mag 3.2596e+03
Var    Value     Gradient |Var    Value     Gradient |Var    Value     Gradient
  1 -0.12819  3.25957e+03 |

 - final statistics:
1 variables; iteration 3; function evaluation 5
Function value 3.4085e+03; maximum gradient component mag 3.5742e-02
Exit code = 1;  converg criter 1.0000e+01
Var    Value     Gradient |Var    Value     Gradient |Var    Value     Gradient
  1 -0.12909  3.57424e-02 |

Initial statistics: 11 variables; iteration 0; function evaluation 0; phase 2
Function value 3.4084826e+03; maximum gradient component mag 5.4222e+03
Var    Value     Gradient |Var    Value     Gradient |Var    Value     Gradient
  1  0.55750  1.20230e+03 |  2  0.06377  3.89124e+03 |  3 -0.47324  5.42220e+03
  4 -0.11294  2.71031e+02 |  5 -0.27017  3.90278e+01 |  6  0.47604  8.37381e+02
  7 -0.21635  5.24580e+03 |  8 -0.31492  3.04811e+03 |  9 -0.11294  2.54865e+02
 10 -0.27017  6.69115e+02 | 11 -0.12909  3.57424e-02 |

Intermediate statistics: 11 variables; iteration 20; function evaluation 30; phase 2
Function value 2.4891937e+03; maximum gradient component mag -8.0742e+02
Var    Value     Gradient |Var    Value     Gradient |Var    Value     Gradient
  1  0.20728 -1.74081e+01 |  2 -0.23043  1.17357e+02 |  3 -0.28217  6.11665e+01
  4 -0.55202  8.41974e+00 |  5 -0.11007  2.90234e+01 |  6 -0.06077 -5.10239e+01
  7 -0.31451  1.61174e+02 |  8 -0.16997  1.20025e+01 |  9  0.10909  3.20871e+00
 10 -0.45040  2.34802e+01 | 11 -0.11639 -8.07423e+02 |

 - final statistics:
11 variables; iteration 25; function evaluation 35
Function value 2.4854e+03; maximum gradient component mag -1.7577e+00
Exit code = 1;  converg criter 1.0000e+01
Var    Value     Gradient |Var    Value     Gradient |Var    Value     Gradient
  1  0.22000  5.68256e-01 |  2 -0.22712 -3.67703e-01 |  3 -0.28643 -1.13652e+00
  4 -0.58143  3.55377e-01 |  5 -0.12234  8.38695e-01 |  6  0.07108 -2.87904e-02
  7 -0.30461  1.38940e-01 |  8 -0.21670 -7.05030e-01 |  9  0.05559 -5.72280e-01
 10 -0.46678  3.24825e-01 | 11 -0.11661 -1.75770e+00 |

Initial statistics: 15 variables; iteration 0; function evaluation 0; phase 3
Function value 2.4853983e+03; maximum gradient component mag -1.7577e+00
Var    Value     Gradient |Var    Value     Gradient |Var    Value     Gradient
  1  0.22000  5.68256e-01 |  2 -0.22712 -3.67703e-01 |  3 -0.28643 -1.13652e+00
  4 -0.58143  3.55377e-01 |  5 -0.12234  8.38695e-01 |  6  0.07108 -2.87904e-02
  7 -0.30461  1.38940e-01 |  8 -0.21670 -7.05030e-01 |  9  0.05559 -5.72280e-01
 10 -0.46678  3.24825e-01 | 11 -0.11661 -1.75770e+00 | 12 -1.00000 -8.66332e-08
 13 -1.00000 -8.66318e-08 | 14 -1.00000 -8.66317e-08 | 15 -1.00000 -8.66316e-08

Intermediate statistics: 15 variables; iteration 20; function evaluation 48; phase 3
Function value 2.3634922e+03; maximum gradient component mag -9.5240e+02
Var    Value     Gradient |Var    Value     Gradient |Var    Value     Gradient
  1 -0.15607 -1.14136e+02 |  2 -0.29617  6.17714e+01 |  3 -0.12751 -8.01595e+01
  4 -0.86547  1.48706e+00 |  5 -0.04102  6.10457e+01 |  6 -0.06058 -6.94605e+01
  7 -0.33619 -6.19983e+02 |  8 -0.17864 -2.41031e+02 |  9  1.39527 -8.33580e+00
 10 -0.44435  1.70955e+01 | 11 -0.11446 -9.52400e+02 | 12 -0.84841 -4.32570e+02
 13 -1.01748  1.20186e+02 | 14 -1.15327  7.41168e+01 | 15 -0.97715  2.70943e+00
15 variables; iteration 40; function evaluation 69; phase 3
Function value 2.2685919e+03; maximum gradient component mag -1.6485e+02
Var    Value     Gradient |Var    Value     Gradient |Var    Value     Gradient
  1  0.21051 -8.10390e+00 |  2 -0.23412 -8.70406e+01 |  3 -0.27883 -5.01928e+01
  4 -1.42163  2.78357e-01 |  5 -0.11881 -1.35751e+01 |  6  0.05688 -1.17869e+01
  7 -0.30650 -1.05410e+02 |  8 -0.21438 -4.25598e+01 |  9  1.86928 -1.43655e+00
 10 -0.47603 -1.28855e+01 | 11 -0.11659 -1.64847e+02 | 12 -0.69611  1.64115e+01
 13 -1.24614  8.89402e+00 | 14 -1.19524  2.64042e+01 | 15 -0.86321  2.41800e+01
15 variables; iteration 60; function evaluation 89; phase 3
Function value 2.2661103e+03; maximum gradient component mag -3.7932e+00
Var    Value     Gradient |Var    Value     Gradient |Var    Value     Gradient
  1  0.21433 -6.10114e-02 |  2 -0.22989 -1.30895e+00 |  3 -0.28196 -8.74300e-01
  4 -1.40085  4.15426e-02 |  5 -0.11817 -6.40437e-02 |  6  0.06916 -5.30615e-01
  7 -0.30481 -3.79315e+00 |  8 -0.21619 -1.81056e+00 |  9  1.93548 -1.36751e-01
 10 -0.46854 -5.54812e-01 | 11 -0.11674 -1.62418e+00 | 12 -0.71939  5.76303e-01
 13 -1.25710 -1.21248e-01 | 14 -1.22837 -3.45580e-01 | 15 -1.00413 -4.74678e-01
Maximum number of function evaluations exceeded

 - final statistics:
15 variables; iteration 72; function evaluation 100
Function value 2.2661e+03; maximum gradient component mag 5.6131e+00
Exit code = 3;  converg criter 1.0000e+00
Var    Value     Gradient |Var    Value     Gradient |Var    Value     Gradient
  1  0.21425  3.05134e-01 |  2 -0.22986  3.98495e-01 |  3 -0.28193  7.32023e-01
  4 -1.40195 -5.54820e-02 |  5 -0.11838  1.15416e-01 |  6  0.06965 -3.75359e-01
  7 -0.30470 -9.00275e-01 |  8 -0.21644 -1.31270e+00 |  9  1.93623 -1.62178e-01
 10 -0.46847 -9.59615e-02 | 11 -0.11674  5.61309e+00 | 12 -0.71962  3.84652e-01
 13 -1.25770 -5.79049e-01 | 14 -1.22848 -4.22833e-01 | 15 -1.00152 -1.74274e-01

Initial statistics: 31 variables; iteration 0; function evaluation 0; phase 4
Function value 2.2661093e+03; maximum gradient component mag -6.3273e+03
Var    Value     Gradient |Var    Value     Gradient |Var    Value     Gradient
  1  0.21425  3.05134e-01 |  2 -0.22986  3.98495e-01 |  3 -0.28193  7.32023e-01
  4 -0.59805  5.54820e-02 |  5 -0.11838  1.15416e-01 |  6  0.06965 -3.75359e-01
  7 -0.30470 -9.00275e-01 |  8 -0.21644 -1.31270e+00 |  9  0.06377  1.62178e-01
 10 -0.46847 -9.59615e-02 | 11 -0.11674  5.61309e+00 | 12 -0.71962  3.84652e-01
 13 -0.74230  5.79049e-01 | 14 -0.77152  4.22833e-01 | 15 -0.99848  1.74274e-01
 16  0.37499  4.36853e+02 | 17 -0.03184 -9.54959e+02 | 18  0.28197 -1.73305e+02
 19  0.00000  7.70816e+02 | 20  0.03184  6.98453e+00 | 21 -0.21635  1.11170e+01
 22  0.28197 -7.64936e+02 | 23  0.00000  1.62423e+03 | 24  0.03184 -5.41417e+00
 25 -0.21635 -1.41662e-01 | 26  0.28197  2.98415e+02 | 27  0.00000 -6.70433e+02
 28  0.29410  2.35815e+03 | 29 -0.03822 -6.32733e+03 | 30  0.03184  5.16963e-01
 31  0.21635  2.19413e+00 |

Intermediate statistics: 31 variables; iteration 20; function evaluation 28; phase 4
Function value 1.6300293e+03; maximum gradient component mag -2.9586e+04
Var    Value     Gradient |Var    Value     Gradient |Var    Value     Gradient
  1  0.46323 -4.28585e+02 |  2 -0.21990 -1.22142e+03 |  3 -0.41801 -1.28958e+03
  4 -0.51484 -9.51774e+00 |  5  0.16600 -3.60835e+01 |  6  0.21885 -2.76946e+02
  7 -0.30246 -1.06427e+03 |  8 -0.25876 -7.07716e+02 |  9 -0.17407 -2.32669e+01
 10 -0.44670 -9.31332e+01 | 11 -0.12436 -2.95857e+04 | 12 -0.72209 -1.56783e+00
 13 -0.73675 -2.35127e-01 | 14 -0.77538 -1.49257e+00 | 15 -1.00040 -4.35510e-02
 16  0.47710 -1.93265e+02 | 17  0.08853  1.03473e+03 | 18  0.29197 -4.40208e+02
 19 -0.01564  8.96646e+02 | 20 -0.13093 -1.51842e+00 | 21 -0.56971 -2.31098e+00
 22  0.34510 -1.41877e+02 | 23 -0.00671  4.71979e+02 | 24 -0.42907  3.49031e+00
 25 -0.21743 -1.21707e-01 | 26  0.31850 -5.75039e+02 | 27  0.00803  1.24218e+03
 28  0.28441  4.56108e+02 | 29  0.10077 -1.61570e+03 | 30  0.02377  5.15826e-01
 31  0.17846  2.55697e+00 |
31 variables; iteration 40; function evaluation 55; phase 4
Function value 1.3938860e+03; maximum gradient component mag 2.3912e+03
Var    Value     Gradient |Var    Value     Gradient |Var    Value     Gradient
  1  0.26905  6.35038e+01 |  2 -0.16985 -3.93093e+02 |  3 -0.34902 -1.04605e+02
  4 -0.46977 -5.19967e+00 |  5 -0.08961 -6.53612e+01 |  6  0.02908  2.37564e+01
  7 -0.29795 -1.02911e+02 |  8 -0.21219  6.48377e+01 |  9  0.21594 -1.45834e+01
 10 -0.56682 -1.67992e+02 | 11 -0.11531  2.39124e+03 | 12 -0.73821 -1.79876e+01
 13 -0.73373  7.54926e+00 | 14 -0.75155  1.24435e+01 | 15 -1.14557 -2.58388e+01
 16  0.67323 -6.03221e+01 | 17  0.12253  6.70786e+02 | 18  0.23806  1.05377e+02
 19 -0.02999  1.13308e+02 | 20 -0.33950  7.07635e+00 | 21 -0.37244 -2.15754e+01
 22  0.26734 -2.23429e+02 | 23 -0.01505  4.46315e+02 | 24 -0.16259 -3.01810e+01
 25 -1.04412  4.54003e-02 | 26  0.24411  4.90848e+01 | 27 -0.00895 -1.13421e+02
 28  0.13863  4.43507e+02 | 29  0.13824 -4.58433e+01 | 30 -0.26528  1.96806e+01
 31 -1.71316 -1.11235e+02 |
31 variables; iteration 60; function evaluation 77; phase 4
Function value 1.3201518e+03; maximum gradient component mag -6.4119e+01
Var    Value     Gradient |Var    Value     Gradient |Var    Value     Gradient
  1  0.26304  1.42759e+00 |  2 -0.02338 -2.38861e+01 |  3 -0.43254 -1.51449e+01
  4 -0.39833 -2.71291e+00 |  5 -0.16578 -5.04519e+00 |  6 -0.06026 -3.50127e+00
  7 -0.31869 -4.60703e+01 |  8 -0.16212 -2.00033e+01 |  9  0.21115 -1.33992e+00
 10 -0.48687  2.24834e+00 | 11 -0.11546 -1.21062e+01 | 12 -0.72763 -6.58303e+00
 13 -0.74368  4.42327e-01 | 14 -0.77477 -1.46515e+00 | 15 -1.01279 -1.48742e+00
 16  0.69485  7.03534e+00 | 17  0.14340 -6.41185e+01 | 18  0.17840 -3.75950e+01
 19 -0.06582 -2.09773e+01 | 20 -0.13972 -2.18062e+00 | 21 -0.39697 -1.77555e+00
 22  0.23872 -1.66155e+01 | 23 -0.03323  4.80735e+01 | 24 -0.48079  2.68394e+00
 25 -6.47466  3.89514e+00 | 26  0.22679 -4.48669e+00 | 27 -0.01306  1.43210e+01
 28  0.00515  4.16806e+01 | 29  0.06634  4.30288e+01 | 30 -0.05393 -1.60332e+00
 31 -1.64382 -2.50861e+00 |
31 variables; iteration 80; function evaluation 98; phase 4
Function value 1.3122963e+03; maximum gradient component mag -4.3556e+01
Var    Value     Gradient |Var    Value     Gradient |Var    Value     Gradient
  1  0.28507 -1.52285e+00 |  2  0.01203 -1.30700e+00 |  3 -0.45963 -4.25253e+00
  4 -0.38438  2.72655e-01 |  5 -0.16765  9.37997e-01 |  6 -0.04367 -1.79388e+00
  7 -0.31868 -5.45420e+00 |  8 -0.16780 -4.91179e+00 |  9  0.18435 -1.14800e-01
 10 -0.48277  1.39277e+00 | 11 -0.11556 -4.35560e+01 | 12 -0.72093 -4.42131e-01
 13 -0.74331  6.15472e-01 | 14 -0.77260  2.82016e-02 | 15 -0.99917  9.51735e-02
 16  0.65266  3.97521e+00 | 17  0.14413 -1.75212e+01 | 18  0.19850  7.30308e+00
 19 -0.05438 -8.08298e+00 | 20 -0.21909  2.01032e-01 | 21 -0.40957 -6.53687e-01
 22  0.25529 -1.00622e+01 | 23 -0.02593  1.18141e+01 | 24 -0.88659 -3.92208e-01
 25 -6.46020 -3.74087e-02 | 26  0.22784  2.11981e+00 | 27 -0.01425 -1.32879e+01
 28 -0.11939 -9.70772e-01 | 29  0.00807  1.01886e+00 | 30  0.22131 -2.56286e-02
 31 -1.62586  8.22873e-01 |
Maximum number of function evaluations exceeded

 - final statistics:
31 variables; iteration 83; function evaluation 100
Function value 1.3123e+03; maximum gradient component mag 1.4438e+01
Exit code = 3;  converg criter 1.0000e+00
Var    Value     Gradient |Var    Value     Gradient |Var    Value     Gradient
  1  0.28171  6.04699e-01 |  2  0.00719 -1.90545e+00 |  3 -0.45574 -2.39487e+00
  4 -0.38836  6.13115e-02 |  5 -0.16582  4.76763e-01 |  6 -0.04595 -8.75110e-01
  7 -0.31868 -1.66901e+00 |  8 -0.16701 -2.75101e+00 |  9  0.19125  8.76217e-02
 10 -0.48397  3.11251e-01 | 11 -0.11554 -7.13675e+00 | 12 -0.72030  9.11848e-02
 13 -0.74389  1.83352e-01 | 14 -0.77305 -2.77489e-01 | 15 -1.00131 -1.50225e-01
 16  0.64750  3.23613e+00 | 17  0.14315 -1.02210e+01 | 18  0.19713 -1.89960e+00
 19 -0.05474  6.27904e+00 | 20 -0.21312  3.90202e-01 | 21 -0.40619  2.88898e-01
 22  0.25518 -1.02047e+01 | 23 -0.02564  1.44375e+01 | 24 -0.87770 -4.22239e-01
 25 -6.46229  1.65788e-01 | 26  0.22839  7.23783e-01 | 27 -0.01366 -2.31434e+00
 28 -0.11869  3.70055e-01 | 29  0.00810 -1.19117e+00 | 30  0.21865 -2.47258e-01
 31 -1.62606  1.64482e-01 |

Initial statistics: 47 variables; iteration 0; function evaluation 0; phase 5
Function value 1.3122817e+03; maximum gradient component mag -1.8139e+02
Var    Value     Gradient |Var    Value     Gradient |Var    Value     Gradient
  1  0.28171  6.04699e-01 |  2  0.00719 -1.90545e+00 |  3 -0.45574 -2.39487e+00
  4 -0.38836  6.13115e-02 |  5 -0.16582  4.76763e-01 |  6 -0.04595 -8.75110e-01
  7 -0.31868 -1.66901e+00 |  8 -0.16701 -2.75101e+00 |  9  0.19125  8.76217e-02
 10 -0.48397  3.11251e-01 | 11 -0.11554 -7.13675e+00 | 12 -0.72030  9.11848e-02
 13 -0.74389  1.83352e-01 | 14 -0.77305 -2.77489e-01 | 15 -0.99869  1.50225e-01
 16  0.64750  3.23613e+00 | 17  0.12819  6.59095e-04 | 18  0.14315 -1.02210e+01
 19  0.00000 -1.94595e+00 | 20  0.00000  1.03275e+01 | 21  0.00000  1.03946e-05
 22 -0.46456 -2.62930e-03 | 23  0.19713 -1.89960e+00 | 24 -0.06377  2.07776e+01
 25 -0.05474  6.27904e+00 | 26 -0.21312  3.90202e-01 | 27 -0.40619  2.88898e-01
 28  0.25518 -1.02047e+01 | 29 -0.06377 -1.36672e+02 | 30 -0.02564  1.44375e+01
 31 -0.87770 -4.22239e-01 | 32  0.46229 -1.65788e-01 | 33  0.00000  8.88005e+01
 34  0.00000 -1.81388e+02 | 35  0.00000 -7.96600e+00 | 36 -0.46456 -3.24200e-01
 37  0.22839  7.23783e-01 | 38 -0.06377  3.90001e-03 | 39 -0.01366 -2.31434e+00
 40 -0.11869  3.70055e-01 | 41 -0.30430  1.19093e+00 | 42  0.00810 -1.19117e+00
 43  0.21865 -2.47258e-01 | 44 -0.37394 -1.64482e-01 | 45  0.00000 -1.20337e+02
 46  0.00000 -6.96008e+01 | 47 -0.46456 -1.45854e+01 |

Intermediate statistics: 47 variables; iteration 20; function evaluation 26; phase 5
Function value 1.3061617e+03; maximum gradient component mag 4.3503e+02
Var    Value     Gradient |Var    Value     Gradient |Var    Value     Gradient
  1  0.20586 -4.74716e+01 |  2 -0.07147 -7.80061e+01 |  3 -0.38798 -1.43419e+02
  4 -0.39828 -4.96283e+00 |  5 -0.17568 -6.47006e+00 |  6 -0.05688  1.34673e+01
  7 -0.32707 -1.31495e+02 |  8 -0.14880 -2.42482e+01 |  9  0.15433  9.51730e-01
 10 -0.47422 -3.46503e+00 | 11 -0.11531  1.04082e+02 | 12 -0.72063 -2.06178e-03
 13 -0.74433  7.12755e-02 | 14 -0.77283  5.31956e-02 | 15 -1.00011 -9.25774e-03
 16  0.62698 -1.46567e+01 | 17  0.12818  6.41245e-04 | 18  0.12703  1.48694e+02
 19  0.01349 -1.24441e+01 | 20  0.00440  1.75133e+02 | 21 -0.00000 -8.85432e-08
 22 -0.46451 -2.80986e-03 | 23  0.18846 -1.19675e+02 | 24 -0.06289 -5.57161e+01
 25 -0.05323  1.80159e+02 | 26 -0.20203 -3.32762e+00 | 27 -0.35641  1.64143e-01
 28  0.27773  4.05491e+01 | 29 -0.05734  4.35027e+02 | 30 -0.01426  1.03008e+02
 31 -0.87634  1.50187e+00 | 32  0.47284 -1.30669e+00 | 33 -0.06286  8.14061e+01
 34 -0.01203  6.41872e+01 | 35  0.02498  2.94653e+01 | 36 -0.44344 -2.73013e+00
 37  0.21553 -3.64498e+01 | 38 -0.06389  7.97558e-03 | 39 -0.01332  8.98554e+01
 40 -0.12375 -1.29356e+01 | 41 -0.32446  3.19325e-01 | 42  0.00514  2.10828e+01
 43  0.21227 -1.68353e+00 | 44 -0.37705  2.13087e+00 | 45 -0.00487  3.80070e+01
 46  0.08418  2.23587e+01 | 47 -0.38304 -1.81874e+00 |
47 variables; iteration 40; function evaluation 51; phase 5
Function value 1.3041331e+03; maximum gradient component mag 5.2799e+02
Var    Value     Gradient |Var    Value     Gradient |Var    Value     Gradient
  1  0.19270 -1.42229e+01 |  2 -0.08836 -3.58895e+01 |  3 -0.37142 -5.69453e+01
  4 -0.41982 -2.42111e+00 |  5 -0.16524 -4.76207e+00 |  6 -0.07554  6.45675e-01
  7 -0.32636 -4.58419e+01 |  8 -0.14222 -1.83796e-01 |  9  0.11805 -7.60649e-01
 10 -0.47114 -7.64967e+00 | 11 -0.11538  8.71959e+01 | 12 -0.73386 -1.27884e+01
 13 -0.75066 -5.00151e+00 | 14 -0.79894 -2.03164e+01 | 15 -0.98662  1.56101e+00
 16  0.61381 -1.95435e+01 | 17  0.12740  6.35701e-04 | 18  0.12527  1.96229e+02
 19  0.13041 -9.03425e+00 | 20  0.00893  1.81748e+02 | 21 -0.00001 -1.00675e-07
 22 -0.46142 -2.78567e-03 | 23  0.18370  5.61721e+01 | 24 -0.07256  3.17623e+02
 25 -0.05796  3.56082e+01 | 26  0.01254  1.82913e+01 | 27 -0.37047  1.22523e+01
 28  0.28771  8.97463e+01 | 29 -0.05559  5.27989e+02 | 30 -0.01012  4.39281e+01
 31 -0.87517  1.95591e+00 | 32  0.40731 -7.37852e-01 | 33 -0.08560  7.69630e+01
 34 -0.01672  8.08192e+01 | 35  0.03307  3.79003e+01 | 36 -0.40822 -1.48163e+00
 37  0.21322  2.92938e+00 | 38 -0.07089  5.82929e-03 | 39 -0.01498 -2.50640e+00
 40 -0.12563  2.09508e+01 | 41 -0.42690  5.86652e-01 | 42  0.00139 -1.88090e+01
 43  0.23394  9.70195e+00 | 44 -0.38517  3.24244e+00 | 45 -0.02267  3.15551e+01
 46  0.08581  2.34721e+01 | 47 -0.33195  3.58826e+00 |
47 variables; iteration 60; function evaluation 75; phase 5
Function value 1.2981878e+03; maximum gradient component mag -1.0780e+02
Var    Value     Gradient |Var    Value     Gradient |Var    Value     Gradient
  1  0.21471 -7.00845e+00 |  2 -0.04910 -1.87642e+01 |  3 -0.40232 -2.63691e+01
  4 -0.38628 -9.65159e-01 |  5 -0.17563 -5.64993e-01 |  6 -0.05572 -1.03037e+00
  7 -0.32022 -2.11927e+01 |  8 -0.15748 -6.34803e+00 |  9  0.10429 -7.07697e-01
 10 -0.46592 -1.24047e+00 | 11 -0.11534 -5.00636e+01 | 12 -0.72218 -1.42746e+00
 13 -0.74530 -7.90851e-01 | 14 -0.77465 -1.24358e+00 | 15 -0.98796  1.39936e+00
 16  0.51597 -2.35299e+00 | 17  0.10207  4.99241e-04 | 18  0.09572  2.16741e+01
 19  0.74084 -7.27188e-01 | 20  0.04952  1.99982e+01 | 21 -0.00025 -1.25829e-06
 22 -0.36011 -1.79249e-03 | 23  0.19261  1.19452e+01 | 24 -0.10064  5.74313e+01
 25 -0.05555  4.74700e+00 | 26  0.14768  5.61309e+00 | 27 -0.43828  4.14794e+00
 28  0.27574 -4.32951e+01 | 29 -0.05194 -1.07802e+02 | 30 -0.01646  2.95617e+01
 31 -1.08888  2.02442e-01 | 32 -0.13517 -2.30648e+00 | 33 -0.08185 -2.79906e+01
 34 -0.01749  2.03745e+01 | 35 -0.00908 -4.85443e+00 | 36 -0.13516 -4.74393e+00
 37  0.22515 -5.84734e+00 | 38 -0.25171  1.04513e-03 | 39 -0.01294  5.72023e+00
 40 -0.11787  6.61462e+00 | 41 -0.56651  4.42311e-02 | 42  0.00552 -6.86205e+00
 43  0.22804  1.92315e+00 | 44 -0.38232  7.63171e-01 | 45 -0.19710 -6.69021e+00
 46  0.16342 -1.15245e+00 | 47 -0.41063  7.51829e-01 |
47 variables; iteration 80; function evaluation 95; phase 5
Function value 1.2975145e+03; maximum gradient component mag -8.4925e+00
Var    Value     Gradient |Var    Value     Gradient |Var    Value     Gradient
  1  0.23498 -4.58067e-01 |  2 -0.02460 -1.02238e+00 |  3 -0.42268 -1.50401e+00
  4 -0.37248 -3.69399e-02 |  5 -0.18383 -1.16198e-02 |  6 -0.03743  1.82391e-02
  7 -0.31800 -6.12567e-01 |  8 -0.16636 -1.55737e-01 |  9  0.08782 -2.05765e-02
 10 -0.46230 -4.84476e-02 | 11 -0.11541 -2.55808e+00 | 12 -0.72055  1.24942e-02
 13 -0.74420  2.21633e-02 | 14 -0.77298 -8.33932e-02 | 15 -0.99975  2.69406e-02
 16  0.44257  4.46688e-02 | 17  0.04912  2.35664e-04 | 18  0.08053 -5.65724e-01
 19  0.96982  7.59603e-03 | 20  0.05982 -4.18674e-01 | 21 -0.00025 -1.42204e-06
 22 -0.26951  3.87988e-04 | 23  0.20277 -7.45325e-01 | 24 -0.12130 -4.75163e-01
 25 -0.05124  6.78698e-01 | 26  0.22442 -5.66069e-02 | 27 -0.57802  1.36201e-01
 28  0.28143 -2.75642e+00 | 29 -0.05348 -8.49250e+00 | 30 -0.01497  1.22610e+00
 31 -1.19024  4.77064e-02 | 32 -0.25112 -3.05459e-01 | 33 -0.08389 -2.17925e+00
 34 -0.01778  9.84319e-01 | 35  0.00114 -4.77146e-01 | 36 -0.08486 -6.84222e-01
 37  0.22847  9.21040e-02 | 38 -0.34067 -1.27743e-03 | 39 -0.01254  9.62280e-02
 40 -0.11578  2.24064e-01 | 41 -0.67771  3.82768e-03 | 42  0.00724 -1.13086e-01
 43  0.22907  6.49620e-02 | 44 -0.38019  2.22631e-02 | 45 -0.18047  2.14209e-01
 46  0.15709  4.92081e-01 | 47 -0.60270 -7.71024e-03 |
47 variables; iteration 100; function evaluation 115; phase 5
Function value 1.2975125e+03; maximum gradient component mag -5.9382e-01
Var    Value     Gradient |Var    Value     Gradient |Var    Value     Gradient
  1  0.23602 -1.57949e-02 |  2 -0.02332  1.05994e-01 |  3 -0.42374  3.16270e-02
  4 -0.37233 -3.78508e-03 |  5 -0.18385  9.36842e-04 |  6 -0.03684  2.29898e-03
  7 -0.31792  4.83951e-02 |  8 -0.16669  1.49412e-02 |  9  0.08772  9.08767e-04
 10 -0.46227  7.89634e-03 | 11 -0.11541  3.78663e-02 | 12 -0.72057 -1.19043e-02
 13 -0.74422 -8.72701e-04 | 14 -0.77288 -1.18183e-02 | 15 -0.99993  2.70967e-03
 16  0.44295  6.25051e-02 | 17  0.00338 -1.21494e-05 | 18  0.08086 -5.93819e-01
 19  0.96935  6.01436e-03 | 20  0.05972 -5.23812e-01 | 21  0.00004 -6.98139e-08
 22 -0.27688  2.48773e-04 | 23  0.20306 -4.64394e-02 | 24 -0.12183  1.50819e-01
 25 -0.05114  8.87243e-02 | 26  0.22759 -1.68565e-02 | 27 -0.60487 -1.06988e-02
 28  0.28164  2.31161e-02 | 29 -0.05360 -1.29474e-01 | 30 -0.01492 -1.18901e-01
 31 -1.19523  1.07248e-02 | 32 -0.26215 -2.85045e-02 | 33 -0.08369  4.95482e-02
 34 -0.01772 -2.84387e-01 | 35  0.00154 -9.00898e-03 | 36 -0.07995 -6.89470e-02
 37  0.22865 -1.19701e-02 | 38 -0.30836 -6.75536e-04 | 39 -0.01254  3.58366e-02
 40 -0.11573  1.21749e-02 | 41 -0.70008  1.22122e-03 | 42  0.00730  3.09005e-03
 43  0.22924  6.68221e-03 | 44 -0.38010  4.33031e-03 | 45 -0.18089 -2.89461e-02
 46  0.15706  3.39487e-03 | 47 -0.60725 -7.50886e-03 |
47 variables; iteration 120; function evaluation 135; phase 5
Function value 1.2975121e+03; maximum gradient component mag -3.8979e-01
Var    Value     Gradient |Var    Value     Gradient |Var    Value     Gradient
  1  0.23584 -5.62402e-02 |  2 -0.02357 -5.19316e-02 |  3 -0.42354 -1.59477e-01
  4 -0.37232 -1.51374e-03 |  5 -0.18387  6.42324e-03 |  6 -0.03689  2.76461e-03
  7 -0.31791  6.94334e-02 |  8 -0.16667  1.80298e-02 |  9  0.08761  8.83633e-04
 10 -0.46224  2.11530e-03 | 11 -0.11541 -3.89786e-01 | 12 -0.72055  9.94128e-03
 13 -0.74422  2.10988e-03 | 14 -0.77285  4.79055e-03 | 15 -0.99995 -2.37289e-03
 16  0.44662  6.61822e-02 | 17  0.08802  4.32995e-04 | 18  0.08176 -3.81752e-01
 19  0.96663 -5.07583e-03 | 20  0.05932 -3.26408e-01 | 21 -0.00011 -6.50787e-07
 22 -0.26788  4.98251e-04 | 23  0.20309 -1.35323e-01 | 24 -0.12197 -3.78945e-01
 25 -0.05112  5.78036e-03 | 26  0.22789 -6.50005e-02 | 27 -0.60323 -3.55993e-04
 28  0.28162  1.55226e-03 | 29 -0.05351  1.87561e-01 | 30 -0.01492  2.72394e-02
 31 -1.21260  8.39441e-03 | 32 -0.26469 -1.93627e-02 | 33 -0.08371 -2.45741e-02
 34 -0.01772  6.85915e-02 | 35 -0.00139  8.97430e-03 | 36 -0.07871 -4.44763e-02
 37  0.22861  1.69748e-02 | 38 -0.22586  2.29800e-03 | 39 -0.01254 -3.28365e-02
 40 -0.11573 -9.94784e-03 | 41 -0.73239 -1.71454e-03 | 42  0.00729 -6.46163e-03
 43  0.22924 -8.32701e-03 | 44 -0.38012 -3.46878e-03 | 45 -0.18072  1.64357e-03
 46  0.15699  2.21941e-02 | 47 -0.58518 -8.19799e-03 |
47 variables; iteration 140; function evaluation 156; phase 5
Function value 1.2975112e+03; maximum gradient component mag -7.7600e+00
Var    Value     Gradient |Var    Value     Gradient |Var    Value     Gradient
  1  0.23566  9.53746e-04 |  2 -0.02386 -6.95960e-02 |  3 -0.42330 -1.08590e-01
  4 -0.37250 -4.30879e-03 |  5 -0.18378  1.57923e-02 |  6 -0.03702 -9.57661e-03
  7 -0.31793 -1.49784e-01 |  8 -0.16660 -6.29643e-02 |  9  0.08766 -2.82881e-03
 10 -0.46224 -1.43710e-02 | 11 -0.11541 -8.16560e-01 | 12 -0.72055  9.21212e-03
 13 -0.74423 -1.84623e-03 | 14 -0.77285  6.92532e-03 | 15 -0.99995 -1.69736e-03
 16  0.44517  1.34278e-02 | 17 -0.08058 -8.36724e-04 | 18  0.08136 -1.28094e-01
 19  0.96833  1.48200e-03 | 20  0.05948 -9.14349e-02 | 21  0.00010 -5.69872e-07
 22 -0.30180 -4.94432e-04 | 23  0.20301  5.56719e-02 | 24 -0.12186 -4.22518e-03
 25 -0.05115 -8.57426e-02 | 26  0.22769 -9.19728e-04 | 27 -0.60207  4.12781e-03
 28  0.28157 -1.65580e+00 | 29 -0.05316 -7.75998e+00 | 30 -0.01493  3.50082e-01
 31 -1.27084  5.11009e-02 | 32 -0.26540 -1.95725e-02 | 33 -0.08366 -1.48317e+00
 34 -0.01770  3.90526e-01 | 35 -0.01377 -3.97386e-01 | 36 -0.07828 -4.46502e-02
 37  0.22855 -4.84350e-02 | 38 -0.26773  4.59988e-04 | 39 -0.01255  4.43503e-02
 40 -0.11575 -5.70462e-02 | 41 -0.77914 -5.34484e-03 | 42  0.00727  2.39708e-02
 43  0.22925 -2.29470e-02 | 44 -0.38014 -1.25899e-02 | 45 -0.17958 -7.39969e-02
 46  0.15624 -2.79646e-01 | 47 -0.49885 -8.47918e-04 |
47 variables; iteration 160; function evaluation 176; phase 5
Function value 1.2975109e+03; maximum gradient component mag 1.0508e+00
Var    Value     Gradient |Var    Value     Gradient |Var    Value     Gradient
  1  0.23556  1.67216e-03 |  2 -0.02400  2.22922e-02 |  3 -0.42319  2.39360e-02
  4 -0.37252  5.59014e-05 |  5 -0.18378 -1.82525e-03 |  6 -0.03708  2.38227e-03
  7 -0.31794  2.12058e-02 |  8 -0.16657  7.85272e-03 |  9  0.08769  5.84307e-04
 10 -0.46225  2.04798e-03 | 11 -0.11541  1.23978e-01 | 12 -0.72057 -1.28819e-03
 13 -0.74422  9.87624e-04 | 14 -0.77287 -2.93850e-03 | 15 -0.99994  5.76057e-04
 16  0.44660 -1.82106e-03 | 17  0.01967  6.21173e-05 | 18  0.08171  7.02951e-03
 19  0.96819  5.20422e-04 | 20  0.05932  4.90984e-03 | 21  0.00047  2.16486e-06
 22 -0.28484 -5.77992e-06 | 23  0.20299 -2.15182e-02 | 24 -0.12191 -5.31146e-02
 25 -0.05116  1.63773e-02 | 26  0.22802 -1.84799e-03 | 27 -0.60355 -1.48617e-03
 28  0.28154  2.32428e-01 | 29 -0.05317  1.05082e+00 | 30 -0.01494 -4.83272e-02
 31 -1.27686  1.19175e-03 | 32 -0.26628  4.55929e-03 | 33 -0.08364  2.08195e-01
 34 -0.01770 -5.37555e-02 | 35 -0.01413  5.37225e-02 | 36 -0.07785  8.93163e-03
 37  0.22854  3.18854e-03 | 38 -0.28228  5.71460e-06 | 39 -0.01255  1.78694e-03
 40 -0.11578  2.08104e-03 | 41 -0.70982  2.66601e-04 | 42  0.00726  1.32379e-03
 43  0.22920  9.99879e-04 | 44 -0.38014  1.18077e-03 | 45 -0.17954  7.31746e-03
 46  0.15622  1.55675e-02 | 47 -0.49465  4.63140e-03 |
47 variables; iteration 180; function evaluation 197; phase 5
Function value 1.2975104e+03; maximum gradient component mag 2.4897e+01
Var    Value     Gradient |Var    Value     Gradient |Var    Value     Gradient
  1  0.23554  7.25008e-02 |  2 -0.02402  3.64159e-01 |  3 -0.42317  5.63944e-01
  4 -0.37253  8.49402e-03 |  5 -0.18381 -6.96463e-02 |  6 -0.03712  2.07097e-02
  7 -0.31794  3.61319e-01 |  8 -0.16656  1.25474e-01 |  9  0.08779  9.34313e-03
 10 -0.46226  3.60591e-02 | 11 -0.11541  1.98851e+00 | 12 -0.72060 -3.20730e-02
 13 -0.74422  5.05571e-03 | 14 -0.77291 -3.20238e-02 | 15 -0.99989  9.21801e-03
 16  0.44645 -5.94258e-02 | 17  0.12203  6.07867e-04 | 18  0.08170  3.46999e-01
 19  0.96794 -7.03759e-04 | 20  0.05931  2.81991e-01 | 21 -0.01506 -7.44265e-05
 22 -0.27439  2.82122e-04 | 23  0.20296 -9.30926e-02 | 24 -0.12186  9.42696e-02
 25 -0.05117  1.96629e-01 | 26  0.22787  2.23902e-02 | 27 -0.60291  1.03486e-03
 28  0.28151  5.43061e+00 | 29 -0.05331  2.48966e+01 | 30 -0.01495 -1.20265e+00
 31 -1.36420 -1.84378e-01 | 32 -0.26985  1.09505e-01 | 33 -0.08358  4.87266e+00
 34 -0.01769 -1.35114e+00 | 35 -0.02273  1.32117e+00 | 36 -0.07622  2.38409e-01
 37  0.22854 -2.75485e-03 | 38 -0.27798  1.34000e-04 | 39 -0.01255  8.04322e-02
 40 -0.11578 -2.56176e-02 | 41 -0.70831  4.05529e-04 | 42  0.00727  6.60019e-02
 43  0.22920  1.22764e-03 | 44 -0.38015  1.83853e-03 | 45 -0.17971  9.33236e-03
 46  0.15633  1.19577e-01 | 47 -0.49847  3.55442e-03 |
47 variables; iteration 200; function evaluation 223; phase 5
Function value 1.2975084e+03; maximum gradient component mag 1.9804e+01
Var    Value     Gradient |Var    Value     Gradient |Var    Value     Gradient
  1  0.23562  1.92396e-02 |  2 -0.02389  4.03454e-01 |  3 -0.42328  4.10070e-01
  4 -0.37249  1.93367e-02 |  5 -0.18378  9.46804e-03 |  6 -0.03701 -7.12479e-04
  7 -0.31793  5.36957e-01 |  8 -0.16659  1.48152e-01 |  9  0.08749  9.33316e-03
 10 -0.46221  4.72008e-02 | 11 -0.11541  9.38843e-01 | 12 -0.72055  1.48974e-02
 13 -0.74423 -1.92822e-03 | 14 -0.77285  1.32639e-02 | 15 -0.99996 -6.03781e-03
 16  0.44649  4.26982e-02 | 17 -0.04601 -5.23862e-04 | 18  0.08168 -2.62914e-01
 19  0.96815  7.36229e-04 | 20  0.05934 -2.37607e-01 | 21 -0.00124 -6.65520e-06
 22 -0.29079 -1.88126e-04 | 23  0.20302  3.76029e-02 | 24 -0.12191 -9.80559e-02
 25 -0.05115 -1.04502e-01 | 26  0.22791 -1.72087e-02 | 27 -0.60317 -6.63865e-04
 28  0.28165  4.36245e+00 | 29 -0.05335  1.98039e+01 | 30 -0.01489 -1.01503e+00
 31 -1.56380 -2.09130e-01 | 32 -0.31071  1.79735e-01 | 33 -0.08380  3.76968e+00
 34 -0.01774 -8.69081e-01 | 35 -0.05708  1.07810e+00 | 36 -0.05776  3.92622e-01
 37  0.22855  1.73879e-02 | 38 -0.28348 -2.99816e-05 | 39 -0.01255 -5.41114e-02
 40 -0.11577  4.03356e-03 | 41 -0.71590 -2.94967e-04 | 42  0.00726 -2.50750e-02
 43  0.22922 -2.95895e-03 | 44 -0.38014 -1.71531e-04 | 45 -0.17964 -2.36680e-02
 46  0.15628 -8.64150e-02 | 47 -0.50006  3.38735e-04 |
47 variables; iteration 220; function evaluation 249; phase 5
Function value 1.2975053e+03; maximum gradient component mag -5.3117e+00
Var    Value     Gradient |Var    Value     Gradient |Var    Value     Gradient
  1  0.23557 -5.83116e-03 |  2 -0.02402 -1.00169e-01 |  3 -0.42319 -1.02835e-01
  4 -0.37257 -5.28100e-03 |  5 -0.18375  7.80965e-04 |  6 -0.03709  2.38430e-04
  7 -0.31794 -1.40938e-01 |  8 -0.16656 -4.23621e-02 |  9  0.08773 -2.12102e-03
 10 -0.46226 -1.07284e-02 | 11 -0.11541 -3.14384e-01 | 12 -0.72056 -7.80351e-04
 13 -0.74422  1.39586e-03 | 14 -0.77287 -4.86032e-03 | 15 -0.99993  1.50022e-03
 16  0.44660 -2.23406e-03 | 17  0.02735  1.08130e-04 | 18  0.08171  1.01544e-02
 19  0.96816  3.88885e-04 | 20  0.05932  8.95967e-03 | 21  0.05025  2.48454e-04
 22 -0.28346  3.35134e-05 | 23  0.20298 -1.84495e-02 | 24 -0.12187  1.53726e-03
 25 -0.05116  2.68000e-02 | 26  0.22783 -4.44080e-04 | 27 -0.60265  9.44779e-04
 28  0.28148 -1.15709e+00 | 29 -0.05288 -5.31167e+00 | 30 -0.01496  2.84585e-01
 31 -1.71240  5.82835e-02 | 32 -0.48970 -4.20022e-02 | 33 -0.08354 -9.94213e-01
 34 -0.01767  2.59943e-01 | 35 -0.10049 -2.61186e-01 | 36  0.01443 -1.29032e-01
 37  0.22854 -5.43351e-03 | 38 -0.28322 -2.18621e-05 | 39 -0.01255  1.78675e-02
 40 -0.11577 -6.22180e-03 | 41 -0.71443 -1.61381e-04 | 42  0.00726  9.47349e-03
 43  0.22920 -1.98831e-03 | 44 -0.38014 -9.15266e-04 | 45 -0.17960  6.66749e-03
 46  0.15626  1.12419e-02 | 47 -0.49722  2.72211e-03 |
47 variables; iteration 240; function evaluation 271; phase 5
Function value 1.2975052e+03; maximum gradient component mag -7.0141e-02
Var    Value     Gradient |Var    Value     Gradient |Var    Value     Gradient
  1  0.23562 -5.78831e-06 |  2 -0.02394 -3.44566e-03 |  3 -0.42325 -4.12553e-03
  4 -0.37252 -1.55497e-05 |  5 -0.18377  1.79838e-04 |  6 -0.03705 -2.05631e-04
  7 -0.31794 -4.81236e-03 |  8 -0.16658 -1.59850e-03 |  9  0.08761 -9.64260e-05
 10 -0.46223 -3.39961e-04 | 11 -0.11541 -1.14965e-02 | 12 -0.72056 -5.55688e-05
 13 -0.74422 -8.79437e-05 | 14 -0.77286  4.50189e-04 | 15 -0.99994  4.36562e-06
 16  0.44655 -9.12376e-05 | 17  0.01022  2.73125e-06 | 18  0.08171 -1.21189e-04
 19  0.96804 -3.38808e-05 | 20  0.05932 -1.50543e-03 | 21 -0.01699 -8.41323e-05
 22 -0.28473 -4.35929e-07 | 23  0.20300  4.11019e-04 | 24 -0.12188  7.18816e-04
 25 -0.05115 -7.65282e-04 | 26  0.22786 -4.67460e-05 | 27 -0.60305 -1.51109e-04
 28  0.28153 -2.37976e-02 | 29 -0.05278 -7.01410e-02 | 30 -0.01494  1.30656e-02
 31 -1.70540  1.78361e-03 | 32 -0.54801 -9.72387e-04 | 33 -0.08363 -1.96092e-02
 34 -0.01770  1.39918e-02 | 35 -0.10074 -7.30850e-03 | 36  0.03444 -3.81362e-03
 37  0.22855 -8.78699e-06 | 38 -0.28243  6.90703e-07 | 39 -0.01255 -5.42737e-04
 40 -0.11577  1.09183e-04 | 41 -0.71240  2.68320e-05 | 42  0.00727 -2.37454e-04
 43  0.22921  8.29865e-05 | 44 -0.38014 -4.29107e-05 | 45 -0.17973  2.18393e-05
 46  0.15635  2.49080e-04 | 47 -0.50277 -3.90946e-04 |
47 variables; iteration 260; function evaluation 293; phase 5
Function value 1.2975052e+03; maximum gradient component mag 2.0143e+00
Var    Value     Gradient |Var    Value     Gradient |Var    Value     Gradient
  1  0.23561  5.95390e-03 |  2 -0.02394  7.14948e-02 |  3 -0.42324  7.99749e-02
  4 -0.37252  2.98627e-03 |  5 -0.18377 -1.65618e-04 |  6 -0.03705  2.89365e-03
  7 -0.31794  8.89385e-02 |  8 -0.16658  2.82313e-02 |  9  0.08761  1.84829e-03
 10 -0.46223  9.52889e-03 | 11 -0.11541  3.31049e-01 | 12 -0.72057 -2.79264e-03
 13 -0.74422  4.10838e-04 | 14 -0.77287 -3.10164e-03 | 15 -0.99994  2.47308e-04
 16  0.44653 -7.22826e-03 | 17  0.02591  9.99715e-05 | 18  0.08170  4.40918e-02
 19  0.96797 -3.50997e-04 | 20  0.05932  3.90481e-02 | 21  0.02982  1.47201e-04
 22 -0.28356  3.30931e-05 | 23  0.20300 -9.03558e-03 | 24 -0.12189  1.09845e-02
 25 -0.05115  2.15211e-02 | 26  0.22788  3.21656e-03 | 27 -0.60318 -4.83223e-04
 28  0.28153  5.09441e-01 | 29 -0.05292  2.01435e+00 | 30 -0.01494 -2.10132e-01
 31 -1.70891 -2.18001e-02 | 32 -0.55549  3.32964e-02 | 33 -0.08363  4.28210e-01
 34 -0.01770 -2.15625e-01 | 35 -0.09859  9.25702e-02 | 36  0.03689  1.03802e-01
 37  0.22855  7.47538e-03 | 38 -0.28213  9.69518e-06 | 39 -0.01255  2.61844e-04
 40 -0.11577 -1.79522e-03 | 41 -0.71130  1.28517e-04 | 42  0.00727  6.48240e-03
 43  0.22921  4.53433e-04 | 44 -0.38014  7.60513e-05 | 45 -0.17974  1.01661e-02
 46  0.15635  4.61734e-02 | 47 -0.50248  2.28255e-04 |
47 variables; iteration 280; function evaluation 315; phase 5
Function value 1.2975051e+03; maximum gradient component mag -2.3989e+00
Var    Value     Gradient |Var    Value     Gradient |Var    Value     Gradient
  1  0.23561 -4.66386e-03 |  2 -0.02394 -3.94111e-02 |  3 -0.42324 -4.99786e-02
  4 -0.37253 -1.64943e-03 |  5 -0.18377  3.11337e-03 |  6 -0.03705 -6.31936e-04
  7 -0.31794 -4.68179e-02 |  8 -0.16658 -1.39848e-02 |  9  0.08761 -8.95983e-04
 10 -0.46223 -4.15048e-03 | 11 -0.11541 -1.40547e-01 | 12 -0.72056  5.07684e-04
 13 -0.74422 -3.41697e-05 | 14 -0.77286  4.23751e-04 | 15 -0.99994 -2.20820e-04
 16  0.44656  4.14477e-04 | 17  0.01031  3.29529e-06 | 18  0.08171 -1.72958e-03
 19  0.96806  1.50430e-05 | 20  0.05932 -1.98867e-06 | 21 -0.00612 -3.04289e-05
 22 -0.28477 -1.89704e-06 | 23  0.20300  7.18596e-04 | 24 -0.12188 -4.71018e-04
 25 -0.05115 -1.53147e-03 | 26  0.22786 -2.08991e-04 | 27 -0.60300 -5.82744e-06
 28  0.28154 -5.23028e-01 | 29 -0.05351 -2.39893e+00 | 30 -0.01494  1.13839e-01
 31 -1.72671  3.36157e-02 | 32 -0.55264 -1.05510e-02 | 33 -0.08363 -4.60923e-01
 34 -0.01770  1.10764e-01 | 35 -0.09140 -1.36825e-01 | 36  0.03595 -3.26620e-02
 37  0.22855 -1.16610e-04 | 38 -0.28257 -3.37545e-06 | 39 -0.01255 -1.03374e-03
 40 -0.11577  3.84228e-04 | 41 -0.71274 -4.64321e-06 | 42  0.00727 -1.06345e-03
 43  0.22921 -1.02765e-04 | 44 -0.38014 -1.07841e-04 | 45 -0.17971  2.43431e-03
 46  0.15633  3.71066e-03 | 47 -0.50177  1.19861e-04 |
47 variables; iteration 300; function evaluation 341; phase 5
Function value 1.2975050e+03; maximum gradient component mag 1.4784e+00
Var    Value     Gradient |Var    Value     Gradient |Var    Value     Gradient
  1  0.23561  2.03055e-03 |  2 -0.02394  2.62612e-02 |  3 -0.42324  3.06916e-02
  4 -0.37252  1.01982e-03 |  5 -0.18377 -1.62501e-03 |  6 -0.03705  1.12431e-04
  7 -0.31794  3.55131e-02 |  8 -0.16658  1.07268e-02 |  9  0.08760  5.86344e-04
 10 -0.46223  2.34630e-03 | 11 -0.11541  7.58110e-02 | 12 -0.72056  3.91582e-04
 13 -0.74422 -4.41364e-06 | 14 -0.77286  3.37861e-04 | 15 -0.99994 -1.32629e-05
 16  0.44655  5.07606e-04 | 17  0.00888 -6.06898e-06 | 18  0.08171 -2.91936e-03
 19  0.96806  4.58934e-05 | 20  0.05932 -2.16271e-03 | 21 -0.00240 -1.20376e-05
 22 -0.28478 -2.36602e-06 | 23  0.20300  1.28480e-03 | 24 -0.12188 -4.13004e-04
 25 -0.05115 -2.27205e-03 | 26  0.22785 -2.15178e-04 | 27 -0.60298  9.21846e-05
 28  0.28154  3.34005e-01 | 29 -0.05446  1.47835e+00 | 30 -0.01494 -8.55917e-02
 31 -1.75148 -2.28349e-02 | 32 -0.55265  9.94677e-03 | 33 -0.08364  2.88463e-01
 34 -0.01770 -7.75790e-02 | 35 -0.08188  9.19187e-02 | 36  0.03595  3.07789e-02
 37  0.22855 -1.57261e-03 | 38 -0.28250 -1.23335e-06 | 39 -0.01255  1.14419e-03
 40 -0.11577  6.03441e-04 | 41 -0.71289 -1.75544e-05 | 42  0.00727 -1.06315e-03
 43  0.22921  5.48854e-05 | 44 -0.38014  7.62887e-05 | 45 -0.17971 -4.05575e-03
 46  0.15633 -1.27902e-02 | 47 -0.50185 -3.73461e-05 |
47 variables; iteration 320; function evaluation 368; phase 5
Function value 1.2975048e+03; maximum gradient component mag 5.1280e+00
Var    Value     Gradient |Var    Value     Gradient |Var    Value     Gradient
  1  0.23561  1.02260e-02 |  2 -0.02394  1.11152e-01 |  3 -0.42325  1.36645e-01
  4 -0.37252  4.74971e-03 |  5 -0.18377 -8.17492e-03 |  6 -0.03704  1.10730e-03
  7 -0.31794  1.43672e-01 |  8 -0.16658  4.26055e-02 |  9  0.08759  2.57137e-03
 10 -0.46223  1.14778e-02 | 11 -0.11541  3.72703e-01 | 12 -0.72056  2.09127e-04
 13 -0.74422  6.72470e-05 | 14 -0.77286  2.14189e-04 | 15 -0.99994  3.87665e-06
 16  0.44655 -1.39208e-04 | 17  0.00946 -2.23272e-06 | 18  0.08171  4.85657e-04
 19  0.96806  2.12373e-05 | 20  0.05932 -2.83961e-04 | 21 -0.00125 -6.38032e-06
 22 -0.28473 -8.52884e-07 | 23  0.20300  4.30822e-04 | 24 -0.12188 -1.61799e-03
 25 -0.05115 -1.54552e-03 | 26  0.22785 -6.13718e-04 | 27 -0.60300 -4.98401e-06
 28  0.28154  1.20469e+00 | 29 -0.05588  5.12796e+00 | 30 -0.01494 -3.40544e-01
 31 -1.78408 -1.06496e-01 | 32 -0.55056  3.25599e-02 | 33 -0.08365  1.03481e+00
 34 -0.01770 -3.17651e-01 | 35 -0.07114  4.20992e-01 | 36  0.03527  1.00194e-01
 37  0.22855  4.64178e-04 | 38 -0.28246 -4.90985e-08 | 39 -0.01255 -6.43927e-04
 40 -0.11577  2.55744e-04 | 41 -0.71277 -6.90274e-06 | 42  0.00727 -6.11066e-04
 43  0.22921  1.05353e-05 | 44 -0.38014  1.49838e-04 | 45 -0.17971 -6.85604e-03
 46  0.15633 -1.49553e-02 | 47 -0.50194 -5.88135e-05 |
47 variables; iteration 340; function evaluation 394; phase 5
Function value 1.2975043e+03; maximum gradient component mag 1.4212e+01
Var    Value     Gradient |Var    Value     Gradient |Var    Value     Gradient
  1  0.23561  3.75502e-02 |  2 -0.02393  4.20759e-01 |  3 -0.42325  5.16842e-01
  4 -0.37252  1.86102e-02 |  5 -0.18377 -3.01159e-02 |  6 -0.03704  4.25466e-03
  7 -0.31794  5.47385e-01 |  8 -0.16658  1.61776e-01 |  9  0.08756  9.83315e-03
 10 -0.46222  4.46536e-02 | 11 -0.11541  1.42995e+00 | 12 -0.72056  8.84991e-04
 13 -0.74422  1.99331e-04 | 14 -0.77286  9.00696e-04 | 15 -0.99994 -4.15752e-04
 16  0.44655 -1.09124e-03 | 17  0.01115  8.88749e-06 | 18  0.08171  6.20844e-03
 19  0.96804 -3.02647e-05 | 20  0.05932  3.51454e-03 | 21 -0.00202 -1.01439e-05
 22 -0.28477 -1.43979e-06 | 23  0.20300  1.05487e-03 | 24 -0.12189 -6.79047e-03
 25 -0.05115 -4.87623e-03 | 26  0.22786 -2.21898e-03 | 27 -0.60306 -3.27526e-04
 28  0.28156  3.64402e+00 | 29 -0.05847  1.42123e+01 | 30 -0.01493 -1.28533e+00
 31 -1.83364 -4.16789e-01 | 32 -0.54676  1.21360e-01 | 33 -0.08368  3.05631e+00
 34 -0.01771 -1.19706e+00 | 35 -0.05778  1.61157e+00 | 36  0.03403  3.70924e-01
 37  0.22855  6.77217e-03 | 38 -0.28264 -5.35075e-06 | 39 -0.01255 -8.30149e-03
 40 -0.11577  1.30365e-03 | 41 -0.71250  1.78760e-05 | 42  0.00727 -2.53372e-03
 43  0.22921  1.44298e-04 | 44 -0.38014  5.20349e-04 | 45 -0.17971 -1.90094e-02
 46  0.15634 -3.25875e-02 | 47 -0.50201 -1.08710e-04 |
47 variables; iteration 360; function evaluation 435; phase 5
Function value 1.2944211e+03; maximum gradient component mag 6.1735e+02
Var    Value     Gradient |Var    Value     Gradient |Var    Value     Gradient
  1  0.24391 -2.34818e+00 |  2 -0.01083  4.90770e+00 |  3 -0.43341 -2.46982e+01
  4 -0.37182 -7.36890e-01 |  5 -0.18332  1.05639e+01 |  6 -0.02808  1.30410e+00
  7 -0.31814 -7.13285e+00 |  8 -0.16919 -1.80575e+00 |  9  0.07068 -3.82246e-02
 10 -0.45922  1.34353e+00 | 11 -0.11544 -9.27485e+00 | 12 -0.72077 -1.82375e-01
 13 -0.74423 -4.07805e-02 | 14 -0.77320 -2.38492e-01 | 15 -1.00391 -4.50396e-01
 16  0.43161 -2.84642e+00 | 17 -0.16574 -8.38444e-04 | 18  0.08090  1.80389e+01
 19  0.96863 -1.76677e-02 | 20  0.05991  1.67043e+01 | 21  0.00446  2.18358e-05
 22 -0.20720  2.33943e-03 | 23  0.20470 -3.69643e+00 | 24 -0.12060  2.44347e-01
 25 -0.05073  1.71428e+00 | 26  0.21917 -8.95270e-01 | 27 -0.61801 -1.46086e-01
 28  0.29656  1.25201e+02 | 29 -0.08003  6.17348e+02 | 30 -0.00778  5.55600e+01
 31 -2.65191 -1.61398e+00 | 32 -0.18628  4.50512e+01 | 33 -0.10102  1.23024e+02
 34 -0.02234  5.04301e+01 | 35 -0.16423  1.12292e+01 | 36 -0.09866  9.29843e+01
 37  0.23176  3.78336e+00 | 38 -0.14421  4.95085e-03 | 39 -0.01177 -2.00905e+00
 40 -0.11507 -1.65754e-01 | 41 -0.65555  7.99769e-03 | 42  0.00797  1.99820e+00
 43  0.23065  5.03727e-01 | 44 -0.37907  1.10043e-01 | 45 -0.18315  4.00045e+00
 46  0.15696  1.06358e+01 | 47 -0.63211  5.38892e-03 |
47 variables; iteration 380; function evaluation 459; phase 5
Function value 1.2770275e+03; maximum gradient component mag -1.0990e+01
Var    Value     Gradient |Var    Value     Gradient |Var    Value     Gradient
  1  0.20359  8.90600e-01 |  2  0.00845 -2.16203e+00 |  3 -0.42852 -3.19411e+00
  4 -0.26848 -1.03802e-01 |  5 -0.25946  1.96193e+00 |  6 -0.04391 -2.47323e-01
  7 -0.31693 -6.56239e+00 |  8 -0.17127 -2.24737e+00 |  9  0.10520 -1.29712e-01
 10 -0.45665 -5.00666e-01 | 11 -0.11508 -1.09901e+01 | 12 -0.72006  1.23065e-01
 13 -0.74436  2.24847e-02 | 14 -0.77211  1.20135e-01 | 15 -0.99655  3.95032e-01
 16  0.39878 -1.01330e+00 | 17 -10.01746 -8.61646e-05 | 18  0.07779  3.28956e+00
 19  0.96906 -4.18469e-03 | 20  0.06233  2.86819e+00 | 21 -11.40628  4.23554e-03
 22  0.16016  8.08085e-04 | 23  0.20215 -1.86756e+00 | 24 -0.12936 -1.69918e+00
 25 -0.05160  1.30989e+00 | 26  0.22974 -8.57727e-01 | 27 -0.66057 -1.56199e-01
 28  0.31816 -4.08678e+00 | 29 -0.17826  5.65913e-01 | 30 -0.00631  9.64352e+00
 31 -3.51174  9.70255e-02 | 32  0.22682  1.71813e+00 | 33 -0.10256 -3.38709e+00
 34 -0.02011  8.18308e+00 | 35 -0.05079  4.45143e-01 | 36 -0.44045  2.78539e+00
 37  0.22834 -1.52744e+00 | 38  9.87919 -6.03484e-04 | 39 -0.01277  1.66092e+00
 40 -0.11694  5.35249e-02 | 41 -0.68334  4.26400e-03 | 42  0.00566 -3.78365e-01
 43  0.23766 -6.00346e-02 | 44 -0.38713 -8.23872e-02 | 45 -0.21848 -7.92263e-01
 46  0.16040 -3.61393e+00 | 47 -0.97328 -7.42184e-02 |
47 variables; iteration 400; function evaluation 486; phase 5
Function value 1.2766319e+03; maximum gradient component mag 2.1200e+02
Var    Value     Gradient |Var    Value     Gradient |Var    Value     Gradient
  1  0.20096 -2.46888e+00 |  2  0.00140 -6.08833e+01 |  3 -0.42359 -4.67087e+01
  4 -0.27846 -1.63501e+00 |  5 -0.25266 -1.57596e+00 |  6 -0.04194 -2.94107e-01
  7 -0.31631 -1.05164e+02 |  8 -0.17218 -2.21313e+01 |  9  0.09240 -1.66464e+00
 10 -0.45299 -1.84894e+01 | 11 -0.11510 -9.31799e+01 | 12 -0.72055 -2.87476e-01
 13 -0.74487 -3.84894e-01 | 14 -0.77200  1.99312e-01 | 15 -0.98987  1.16973e+00
 16  0.53615 -2.30848e+01 | 17 -11.39856  4.34461e-03 | 18  0.11017  2.12004e+02
 19  0.96514 -2.30155e-01 | 20  0.04862  1.83818e+02 | 21 -11.76365  1.22305e-03
 22  0.46561  2.81928e-03 | 23  0.20323 -2.70515e+00 | 24 -0.13204 -8.87623e+00
 25 -0.05094  2.07469e-01 | 26  0.23387 -2.25387e+00 | 27 -0.62503 -8.13275e-02
 28  0.31505 -3.76276e+01 | 29 -0.21027 -6.80922e-01 | 30 -0.00818  7.07574e+01
 31 -3.73501 -4.61997e-01 | 32 -0.15542  3.07162e+00 | 33 -0.09069 -2.82561e+01
 34 -0.01667  6.26697e+01 | 35  0.00538 -1.25776e+01 | 36 -0.35710  1.42229e-01
 37  0.22866  8.55800e+00 | 38 10.36836  1.67151e-03 | 39 -0.01254 -1.25058e+01
 40 -0.11736  1.02745e+00 | 41 -0.76378 -3.40357e-03 | 42  0.00533 -1.83806e+00
 43  0.23769  1.39255e-01 | 44 -0.38710  2.29873e-01 | 45 -0.21561  9.79821e+00
 46  0.16010  2.90297e+01 | 47 -0.45915  8.18365e-01 |
47 variables; iteration 420; function evaluation 511; phase 5
Function value 1.2681520e+03; maximum gradient component mag 1.7898e+02
Var    Value     Gradient |Var    Value     Gradient |Var    Value     Gradient
  1  0.18414  4.24406e+00 |  2  0.01418  4.00735e+01 |  3 -0.42652  5.10443e+01
  4 -0.23336  1.52938e+00 |  5 -0.28027  1.48727e+00 |  6 -0.06996 -1.12398e-01
  7 -0.29087  6.34227e+01 |  8 -0.19029  2.74857e+01 |  9  0.19519  1.40018e+00
 10 -0.46010  5.94545e-01 | 11 -0.11460  1.62287e+02 | 12 -0.72054 -2.54975e-01
 13 -0.74518 -2.87285e-01 | 14 -0.77232  3.51347e-03 | 15 -1.01564 -1.83251e+00
 16  0.53559  5.73592e+00 | 17 -46.21323 -1.09350e-03 | 18  0.11193 -4.42041e+01
 19  0.91069 -4.78917e-02 | 20  0.05142 -3.55132e+01 | 21 -12.60804 -4.44085e-03
 22  3.96336 -1.75607e-04 | 23  0.20093  4.08808e+00 | 24 -0.16689 -1.18186e+00
 25 -0.05274 -1.28541e+00 | 26  0.29433  3.97835e+00 | 27 -0.75048  2.66848e-01
 28  0.27494  1.78984e+02 | 29 -0.29026  2.42847e+01 | 30 -0.03539 -1.64255e+02
 31 -4.25487  3.84128e+01 | 32 -0.18599  1.63651e+01 | 33 -0.03008  8.61671e+01
 34 -0.00019 -1.35946e+02 | 35  0.14255  1.13422e+02 | 36 -0.54325  2.83568e-03
 37  0.21816  3.37741e+00 | 38 10.65114  5.13425e-03 | 39 -0.01669 -4.61906e+00
 40 -0.11721 -3.76863e-01 | 41 -0.74460 -1.76753e-03 | 42  0.00503  1.15784e-02
 43  0.25130 -2.19351e-01 | 44 -0.39776  6.67911e-02 | 45 -0.23227  6.10619e+00
 46  0.15962  2.19663e+01 | 47 -0.49114  2.27106e-01 |
47 variables; iteration 440; function evaluation 531; phase 5
Function value 1.2661174e+03; maximum gradient component mag 5.5717e+01
Var    Value     Gradient |Var    Value     Gradient |Var    Value     Gradient
  1  0.18867 -5.80680e-01 |  2  0.02093 -2.72448e+00 |  3 -0.43232  2.21491e+00
  4 -0.21880  3.68390e-02 |  5 -0.29042 -1.85577e+00 |  6 -0.05430 -2.07403e-02
  7 -0.29116  6.13065e+00 |  8 -0.19358  2.71809e+00 |  9  0.15937  1.62561e-01
 10 -0.45646 -6.66210e-02 | 11 -0.11465  8.93741e+00 | 12 -0.72014  1.02345e-01
 13 -0.74472  2.27087e-04 | 14 -0.77218  1.24851e-01 | 15 -0.99701  3.44282e-01
 16  0.46608 -2.19908e+00 | 17 -45.83777  8.28568e-04 | 18  0.10213  1.83266e+01
 19  0.90989 -1.89086e-01 | 20  0.05400  1.63673e+01 | 21 -11.45772  3.58927e-03
 22 15.56751 -2.53695e-03 | 23  0.20156 -1.73989e+00 | 24 -0.15857 -4.88749e+00
 25 -0.05268 -1.65316e-01 | 26  0.27547 -8.95359e-01 | 27 -1.33878 -3.73093e-01
 28  0.30239  4.92313e+01 | 29 -0.35089  4.89978e+00 | 30 -0.02134 -3.25672e+01
 31 -4.74958  7.03946e+00 | 32 -0.18652  3.75863e+00 | 33 -0.05768  2.67894e+01
 34 -0.00785 -3.09150e+01 | 35  0.23850  5.57169e+01 | 36 -0.64393 -4.03725e-03
 37  0.22016 -4.81370e-01 | 38  8.92875  2.79112e-02 | 39 -0.01621  7.31202e-01
 40 -0.11648 -9.31861e-02 | 41 -0.73289 -2.73870e-04 | 42  0.00534  1.27352e-01
 43  0.25144 -4.38971e-02 | 44 -0.39654 -4.48729e-02 | 45 -0.22825 -7.08449e-01
 46  0.15715 -2.63815e+00 | 47 -0.47912 -1.24888e-02 |
47 variables; iteration 460; function evaluation 559; phase 5
Function value 1.2659462e+03; maximum gradient component mag 1.1736e+01
Var    Value     Gradient |Var    Value     Gradient |Var    Value     Gradient
  1  0.19154 -2.39891e-01 |  2  0.02469  1.70513e+00 |  3 -0.43524  1.57775e+00
  4 -0.22062  8.41343e-02 |  5 -0.28891 -2.63498e-01 |  6 -0.05187  1.36795e-02
  7 -0.29110  2.70250e+00 |  8 -0.19438  5.58063e-01 |  9  0.15532  5.74722e-02
 10 -0.45606  3.24952e-01 | 11 -0.11465  3.06372e+00 | 12 -0.72010  1.33948e-01
 13 -0.74468  2.16594e-02 | 14 -0.77228  4.87694e-02 | 15 -1.00354 -4.07667e-01
 16  0.40830  6.15944e-01 | 17 -45.35581  5.02304e-03 | 18  0.08762 -4.94033e+00
 19  1.04228  6.70474e-03 | 20  0.06074 -5.16883e+00 | 21 -12.15221 -7.65813e-04
 22 20.70881  6.38245e-03 | 23  0.20152  7.81346e-01 | 24 -0.15784 -1.79662e-02
 25 -0.05284 -4.76503e-01 | 26  0.27977  3.78813e-01 | 27 -1.03565  5.16326e-02
 28  0.30526  1.04652e+01 | 29 -0.36690  2.39671e+00 | 30 -0.02022 -4.14840e+00
 31 -4.92903  5.40299e-01 | 32 -0.18723  3.62583e-01 | 33 -0.05908  5.27570e+00
 34 -0.00819 -3.76679e+00 | 35  0.25072  1.17362e+01 | 36 -0.65193 -4.51677e-03
 37  0.22091 -6.95844e-02 | 38  7.62431 -1.65873e-03 | 39 -0.01608  1.43270e-01
 40 -0.11623 -5.90281e-02 | 41 -0.72880  1.76554e-04 | 42  0.00548  1.77062e-02
 43  0.25167 -1.67066e-02 | 44 -0.39614 -2.51063e-02 | 45 -0.22999 -2.97205e-01
 46  0.15782 -8.12098e-01 | 47 -0.51637 -1.49390e-02 |
47 variables; iteration 480; function evaluation 580; phase 5
Function value 1.2659299e+03; maximum gradient component mag -2.7493e+00
Var    Value     Gradient |Var    Value     Gradient |Var    Value     Gradient
  1  0.19185  3.54080e-03 |  2  0.02498  5.29325e-01 |  3 -0.43545  9.64354e-02
  4 -0.22181  1.61852e-02 |  5 -0.28803  1.29229e-01 |  6 -0.05193 -4.04670e-02
  7 -0.29121  4.00634e-01 |  8 -0.19424 -8.98815e-02 |  9  0.15469  6.42638e-03
 10 -0.45593  2.26918e-01 | 11 -0.11466 -1.93204e+00 | 12 -0.72026 -6.01581e-03
 13 -0.74470  2.81398e-03 | 14 -0.77234  3.75377e-03 | 15 -1.00080 -9.20217e-02
 16  0.40145  2.87667e-01 | 17 -45.63014  2.06177e-03 | 18  0.08541 -2.74932e+00
 19  1.03637 -1.74314e-03 | 20  0.06193 -2.18646e+00 | 21 -12.26911 -1.41324e-03
 22 19.87799 -3.31902e-04 | 23  0.20125  9.55340e-02 | 24 -0.15662  1.42158e-01
 25 -0.05298 -5.65964e-02 | 26  0.27765  4.40948e-02 | 27 -1.12450  2.13802e-03
 28  0.30567 -2.12376e+00 | 29 -0.37211  1.70443e+00 | 30 -0.02007  1.45363e+00
 31 -4.98984 -1.47375e-01 | 32 -0.18711 -1.78323e-01 | 33 -0.05936 -7.90233e-01
 34 -0.00827  1.33361e+00 | 35  0.25175 -1.52235e+00 | 36 -0.64676 -4.44860e-03
 37  0.22096 -1.48125e-01 | 38  7.42262 -3.98627e-03 | 39 -0.01607  2.15107e-01
 40 -0.11620 -6.67832e-03 | 41 -0.73032  5.05068e-05 | 42  0.00550  1.02448e-02
 43  0.25159 -1.86649e-03 | 44 -0.39607 -3.03171e-03 | 45 -0.23012 -1.37189e-01
 46  0.15789 -4.50857e-01 | 47 -0.52384 -1.46518e-02 |
47 variables; iteration 500; function evaluation 600; phase 5
Function value 1.2659247e+03; maximum gradient component mag 1.7681e+00
Var    Value     Gradient |Var    Value     Gradient |Var    Value     Gradient
  1  0.19149  8.49696e-03 |  2  0.02450 -1.80751e-01 |  3 -0.43508 -1.13154e-02
  4 -0.22156 -2.09699e-03 |  5 -0.28825 -3.17624e-02 |  6 -0.05214  4.72639e-03
  7 -0.29126 -2.10967e-01 |  8 -0.19412 -4.34682e-02 |  9  0.15521 -3.13669e-03
 10 -0.45608 -3.31461e-02 | 11 -0.11466 -7.89205e-02 | 12 -0.72027 -8.18829e-03
 13 -0.74471 -2.24163e-04 | 14 -0.77235 -4.37426e-03 | 15 -1.00022 -2.38458e-02
 16  0.42489 -9.58789e-02 | 17 -46.07131 -3.53382e-04 | 18  0.09201  9.33735e-01
 19  1.03445 -1.50731e-03 | 20  0.05892  7.89536e-01 | 21 -11.97342  1.31248e-04
 22 20.17326  8.77121e-04 | 23  0.20117 -3.79638e-02 | 24 -0.15659 -4.47019e-02
 25 -0.05300  4.60812e-02 | 26  0.27746 -3.98069e-03 | 27 -1.15350 -8.11550e-03
 28  0.30573  7.77142e-01 | 29 -0.37330  1.76810e+00 | 30 -0.02001 -2.74478e-01
 31 -4.99001 -1.38575e-01 | 32 -0.18699  2.36351e-02 | 33 -0.05947  5.74490e-01
 34 -0.00829 -2.83413e-01 | 35  0.25181  7.79799e-01 | 36 -0.64111 -4.28402e-03
 37  0.22088 -6.30142e-03 | 38  7.67247 -8.07263e-04 | 39 -0.01608  5.03913e-03
 40 -0.11623  5.28642e-03 | 41 -0.73054  2.77176e-05 | 42  0.00548 -2.89204e-03
 43  0.25155  1.18865e-03 | 44 -0.39611  2.08949e-03 | 45 -0.22995 -1.74079e-02
 46  0.15786 -6.32665e-02 | 47 -0.51777 -1.06019e-02 |
47 variables; iteration 520; function evaluation 620; phase 5
Function value 1.2659149e+03; maximum gradient component mag 8.8681e+00
Var    Value     Gradient |Var    Value     Gradient |Var    Value     Gradient
  1  0.19187  3.03704e-02 |  2  0.02452  1.18700e+00 |  3 -0.43521  9.09568e-01
  4 -0.22215  4.85447e-02 |  5 -0.28786  9.23843e-02 |  6 -0.05199 -7.04719e-03
  7 -0.29144  1.07746e+00 |  8 -0.19398  3.48884e-01 |  9  0.15452  1.36446e-02
 10 -0.45605  1.01156e-01 | 11 -0.11466  8.86808e+00 | 12 -0.72019  5.38745e-02
 13 -0.74469  9.22366e-03 | 14 -0.77234  5.97880e-03 | 15 -0.99777  2.56619e-01
 16  0.43794  1.71642e-01 | 17 -46.24013 -1.24457e-03 | 18  0.09535 -3.32286e-01
 19  1.03322 -8.09102e-03 | 20  0.05742 -8.91064e-01 | 21 -12.20416 -1.04352e-03
 22 19.38556 -4.53586e-03 | 23  0.20100  5.10292e-01 | 24 -0.15592  7.12139e-01
 25 -0.05309 -3.27696e-01 | 26  0.27740 -9.36000e-02 | 27 -1.02931  6.62714e-02
 28  0.30625  3.72140e+00 | 29 -0.38383  1.63799e+00 | 30 -0.01975 -1.79696e-02
 31 -4.98574 -7.11792e-02 | 32 -0.18674  3.24296e-01 | 33 -0.05989  9.06127e-01
 34 -0.00841 -3.85179e-01 | 35  0.25198  3.04643e+00 | 36 -0.58924 -2.55933e-03
 37  0.22094  1.40968e+00 | 38  7.52427 -2.80462e-03 | 39 -0.01606 -1.96611e+00
 40 -0.11620 -4.19542e-02 | 41 -0.72636  4.26069e-04 | 42  0.00551  8.54060e-02
 43  0.25140 -1.17827e-02 | 44 -0.39601 -1.90461e-02 | 45 -0.23055  2.04896e+00
 46  0.15856  7.07291e+00 | 47 -0.55920  7.25048e-03 |
47 variables; iteration 540; function evaluation 645; phase 5
Function value 1.2658642e+03; maximum gradient component mag -9.2524e-01
Var    Value     Gradient |Var    Value     Gradient |Var    Value     Gradient
  1  0.19151 -1.15586e-03 |  2  0.02480  2.00334e-01 |  3 -0.43526  1.88412e-01
  4 -0.22103  8.59531e-03 |  5 -0.28858 -2.40423e-02 |  6 -0.05138 -6.48485e-03
  7 -0.29128  1.00500e-01 |  8 -0.19431 -2.31039e-02 |  9  0.15315 -2.11349e-04
 10 -0.45572  4.71160e-02 | 11 -0.11466  8.35838e-01 | 12 -0.72025  7.50823e-04
 13 -0.74471 -2.50497e-03 | 14 -0.77234  3.71580e-03 | 15 -0.99996 -5.10029e-03
 16  0.41898 -2.00309e-02 | 17 -46.02833 -1.39901e-04 | 18  0.09036  2.51198e-01
 19  1.03444 -1.90764e-03 | 20  0.05971  4.29166e-01 | 21 -11.93758  3.09012e-04
 22 20.01573  9.11343e-05 | 23  0.20130  4.21784e-01 | 24 -0.15667  3.43179e-01
 25 -0.05295 -1.95626e-01 | 26  0.27767  2.19505e-01 | 27 -1.12948 -7.26724e-04
 28  0.30791 -9.25241e-01 | 29 -0.43502  6.56118e-01 | 30 -0.01909  2.28468e-01
 31 -4.97975 -4.53437e-02 | 32 -0.18741  7.69670e-03 | 33 -0.06082  9.09633e-02
 34 -0.00860  1.21509e-01 | 35  0.25201  3.26307e-01 | 36 -0.34320  1.66926e-01
 37  0.22102  1.58559e-01 | 38  7.71243  4.44249e-04 | 39 -0.01605 -2.19194e-01
 40 -0.11622  1.23233e-02 | 41 -0.73170 -7.17106e-05 | 42  0.00548 -5.86384e-03
 43  0.25158  6.16737e-03 | 44 -0.39606  7.63360e-03 | 45 -0.23124  1.26791e-01
 46  0.15862  5.03127e-01 | 47 -1.28242  8.61471e-03 |
47 variables; iteration 560; function evaluation 672; phase 5
Function value 1.2658605e+03; maximum gradient component mag 1.6027e+00
Var    Value     Gradient |Var    Value     Gradient |Var    Value     Gradient
  1  0.19140  5.04485e-02 |  2  0.02461  3.10812e-01 |  3 -0.43512  4.33719e-01
  4 -0.22105  1.49842e-02 |  5 -0.28860  2.86212e-04 |  6 -0.05140  2.84394e-04
  7 -0.29126  3.62300e-01 |  8 -0.19431  9.76144e-02 |  9  0.15307  7.03657e-03
 10 -0.45568  3.02168e-02 | 11 -0.11466  8.53446e-01 | 12 -0.72027 -1.05754e-02
 13 -0.74470  4.69337e-04 | 14 -0.77236 -4.98300e-03 | 15 -0.99996 -5.53238e-03
 16  0.41937  1.26241e-02 | 17 -45.97821  1.07558e-04 | 18  0.09053 -9.58286e-02
 19  1.03578  9.32157e-04 | 20  0.05957 -1.18867e-01 | 21 -12.01592 -7.86015e-05
 22 20.09222  4.60530e-04 | 23  0.20129  1.71494e-01 | 24 -0.15678  1.64132e-01
 25 -0.05295 -2.36064e-02 | 26  0.27789  1.27789e-01 | 27 -1.12235  2.45103e-03
 28  0.30790  1.60268e+00 | 29 -0.43401  7.08925e-01 | 30 -0.01909 -9.19968e-01
 31 -4.98008 -3.58669e-02 | 32 -0.18747  1.25202e-01 | 33 -0.06085  8.30013e-01
 34 -0.00860 -8.91491e-01 | 35  0.25204  1.43693e+00 | 36 -0.35571  1.27775e-01
 37  0.22097 -4.47513e-02 | 38  7.70264  5.84598e-05 | 39 -0.01605  6.32685e-02
 40 -0.11623 -6.55781e-04 | 41 -0.73132 -4.28001e-05 | 42  0.00547 -1.81489e-04
 43  0.25158  1.09223e-04 | 44 -0.39608  1.09519e-03 | 45 -0.22959 -8.66422e-02
 46  0.15759 -2.70922e-01 | 47 -1.49959 -3.17837e-03 |
47 variables; iteration 580; function evaluation 692; phase 5
Function value 1.2658071e+03; maximum gradient component mag 4.1699e+00
Var    Value     Gradient |Var    Value     Gradient |Var    Value     Gradient
  1  0.19148  3.09609e-02 |  2  0.02480  2.96745e-02 |  3 -0.43526  3.75288e-01
  4 -0.22091  1.69232e-02 |  5 -0.28865 -6.49619e-02 |  6 -0.05083  2.00200e-02
  7 -0.29128  6.09438e-01 |  8 -0.19443  2.72759e-01 |  9  0.15143  1.19471e-02
 10 -0.45540 -4.68468e-02 | 11 -0.11466  1.81843e+00 | 12 -0.72026 -1.53642e-03
 13 -0.74470  3.79130e-05 | 14 -0.77235  2.93111e-03 | 15 -1.00181 -2.08150e-01
 16  0.41883 -2.50452e-01 | 17 -46.00682 -3.36750e-05 | 18  0.09039  1.70024e+00
 19  1.03445  2.18443e-04 | 20  0.05967  1.78562e+00 | 21 -11.97339  1.31395e-04
 22 20.08087  4.04145e-04 | 23  0.20137  9.01582e-01 | 24 -0.15677  9.17134e-01
 25 -0.05292 -2.21980e-01 | 26  0.27798  5.68820e-01 | 27 -1.11127  3.52344e-03
 28  0.30960  4.16988e+00 | 29 -0.66182  4.05565e-02 | 30 -0.01837 -1.48342e+00
 31 -4.96776  4.54050e-02 | 32 -0.18770  2.32493e-01 | 33 -0.06199  1.07466e+00
 34 -0.00887 -1.47316e+00 | 35  0.25228  1.99966e+00 | 36 -0.65667 -4.66658e-03
 37  0.22106 -4.91938e-02 | 38  7.70612  1.85905e-04 | 39 -0.01603  7.62936e-02
 40 -0.11622  4.89902e-04 | 41 -0.73097 -3.96029e-06 | 42  0.00548 -1.93094e-03
 43  0.25158 -1.51299e-03 | 44 -0.39602  3.29893e-03 | 45 -0.22970 -5.33226e-02
 46  0.15764 -1.70294e-01 | 47 -1.49551 -7.16431e-05 |
47 variables; iteration 600; function evaluation 712; phase 5
Function value 1.2658043e+03; maximum gradient component mag 2.6301e-02
Var    Value     Gradient |Var    Value     Gradient |Var    Value     Gradient
  1  0.19148  2.75876e-04 |  2  0.02479  1.88356e-03 |  3 -0.43525  3.04872e-03
  4 -0.22079  1.00674e-04 |  5 -0.28877  3.66188e-06 |  6 -0.05075  9.54686e-05
  7 -0.29129  3.77906e-03 |  8 -0.19444  1.50972e-03 |  9  0.15116  7.11308e-05
 10 -0.45534  1.25269e-05 | 11 -0.11466  9.98649e-03 | 12 -0.72026 -3.92589e-05
 13 -0.74470 -3.26700e-06 | 14 -0.77235 -2.28787e-05 | 15 -0.99994  6.12692e-04
 16  0.41901 -1.49315e-04 | 17 -45.99995  2.40979e-07 | 18  0.09044  6.84336e-04
 19  1.03539  2.32335e-06 | 20  0.05963  6.64228e-04 | 21 -12.00001 -3.26540e-08
 22 19.99650  3.74521e-06 | 23  0.20137  5.19654e-04 | 24 -0.15662  8.31735e-04
 25 -0.05292 -6.60338e-05 | 26  0.27735  4.42539e-04 | 27 -1.13442  5.51761e-06
 28  0.30970  2.63010e-02 | 29 -0.80353  3.98918e-05 | 30 -0.01833 -9.63668e-03
 31 -4.97038  1.29191e-05 | 32 -0.18771  1.59362e-03 | 33 -0.06204  7.02843e-03
 34 -0.00887 -9.35157e-03 | 35  0.25231  1.31202e-02 | 36 -0.54191  9.15586e-06
 37  0.22108 -7.61820e-05 | 38  7.70104 -2.04947e-07 | 39 -0.01602  1.05468e-04
 40 -0.11622  2.10410e-05 | 41 -0.73095 -7.93899e-08 | 42  0.00548 -2.14850e-05
 43  0.25158  4.23861e-06 | 44 -0.39602  8.73364e-06 | 45 -0.22974 -3.01872e-05
 46  0.15767  2.66374e-05 | 47 -1.49432  3.44818e-06 |
  ic > imax  in fminim is answer attained ?
Var    Value     Gradient |Var    Value     Gradient |Var    Value     Gradient
  1  0.19148  1.32107e-04 |  2  0.02479  4.49236e-04 |  3 -0.43525  9.41525e-04
  4 -0.22079  3.70942e-05 |  5 -0.28877 -4.75713e-06 |  6 -0.05075 -2.51874e-05
  7 -0.29129  1.78766e-04 |  8 -0.19444 -7.98544e-05 |  9  0.15116  5.65318e-06
 10 -0.45534  1.32535e-04 | 11 -0.11466  1.15908e-03 | 12 -0.72026 -1.55330e-05
 13 -0.74470  8.45165e-07 | 14 -0.77235 -6.03825e-06 | 15 -0.99994  1.49896e-04
 16  0.41902 -1.88509e-04 | 17 -45.99997  1.57301e-07 | 18  0.09044  1.12465e-03
 19  1.03539 -2.27463e-06 | 20  0.05962  1.06388e-03 | 21 -12.00006 -3.02873e-07
 22 19.99598  1.41905e-06 | 23  0.20137  3.95447e-04 | 24 -0.15662  4.30470e-04
 25 -0.05292 -8.07732e-05 | 26  0.27735  2.65858e-04 | 27 -1.13442  3.86089e-06
 28  0.30970 -3.23249e-04 | 29 -0.80378 -4.87587e-06 | 30 -0.01833 -1.65150e-03
 31 -4.97035 -1.80721e-05 | 32 -0.18771  1.30238e-06 | 33 -0.06204  1.93760e-03
 34 -0.00887 -1.73985e-03 | 35  0.25231  4.63601e-03 | 36 -0.54203  5.43677e-07
 37  0.22108  1.43606e-05 | 38  7.70104 -8.36153e-08 | 39 -0.01602 -3.44526e-05
 40 -0.11622  1.44998e-05 | 41 -0.73095  3.41493e-08 | 42  0.00548 -2.10493e-05
 43  0.25158  2.28954e-06 | 44 -0.39602  4.40658e-06 | 45 -0.22974 -6.92693e-05
 46  0.15767 -7.16603e-05 | 47 -1.49433 -7.32401e-07 |
Function minimizer not making progress ... is minimum attained?
Minimprove criterion = 0.0000e+00
Warning: the following parameters had issues
  Q_parm[10] is within 0.1% of lower bound: 0.0000e+00 < 1.0958e-08 < 5.0000e+00
  selparm[7] is within 0.1% of upper bound: -1.5000e+01 < 1.4977e+01 < 1.5000e+01
  selparm[21] is within 0.1% of lower bound: -2.0000e+00 < -1.9957e+00 < 6.0000e+00


 - final statistics:
47 variables; iteration 604; function evaluation 746
Function value 1.2658e+03; maximum gradient component mag 4.6360e-03
Exit code = 1;  converg criter 1.0000e-04
Var    Value     Gradient |Var    Value     Gradient |Var    Value     Gradient
  1  0.19148  1.32107e-04 |  2  0.02479  4.49236e-04 |  3 -0.43525  9.41525e-04
  4 -0.22079  3.70942e-05 |  5 -0.28877 -4.75713e-06 |  6 -0.05075 -2.51874e-05
  7 -0.29129  1.78766e-04 |  8 -0.19444 -7.98544e-05 |  9  0.15116  5.65318e-06
 10 -0.45534  1.32535e-04 | 11 -0.11466  1.15908e-03 | 12 -0.72026 -1.55330e-05
 13 -0.74470  8.45165e-07 | 14 -0.77235 -6.03825e-06 | 15 -0.99994  1.49896e-04
 16  0.41902 -1.88509e-04 | 17 -45.99997  1.57301e-07 | 18  0.09044  1.12465e-03
 19  1.03539 -2.27463e-06 | 20  0.05962  1.06388e-03 | 21 -12.00006 -3.02873e-07
 22 19.99598  1.41905e-06 | 23  0.20137  3.95447e-04 | 24 -0.15662  4.30470e-04
 25 -0.05292 -8.07732e-05 | 26  0.27735  2.65858e-04 | 27 -1.13442  3.86089e-06
 28  0.30970 -3.23249e-04 | 29 -0.80378 -4.87587e-06 | 30 -0.01833 -1.65150e-03
 31 -4.97035 -1.80721e-05 | 32 -0.18771  1.30238e-06 | 33 -0.06204  1.93760e-03
 34 -0.00887 -1.73985e-03 | 35  0.25231  4.63601e-03 | 36 -0.54203  5.43677e-07
 37  0.22108  1.43606e-05 | 38  7.70104 -8.36153e-08 | 39 -0.01602 -3.44526e-05
 40 -0.11622  1.44998e-05 | 41 -0.73095  3.41493e-08 | 42  0.00548 -2.10493e-05
 43  0.25158  2.28954e-06 | 44 -0.39602  4.40658e-06 | 45 -0.22974 -6.92693e-05
 46  0.15767 -7.16603e-05 | 47 -1.49433 -7.32401e-07 |
Estimating row 1 out of 47 for hessian
Estimating row 2 out of 47 for hessian
Estimating row 3 out of 47 for hessian
Estimating row 4 out of 47 for hessian
Estimating row 5 out of 47 for hessian
Estimating row 6 out of 47 for hessian
Estimating row 7 out of 47 for hessian
Estimating row 8 out of 47 for hessian
Estimating row 9 out of 47 for hessian
Estimating row 10 out of 47 for hessian
Estimating row 11 out of 47 for hessian
Estimating row 12 out of 47 for hessian
Estimating row 13 out of 47 for hessian
Estimating row 14 out of 47 for hessian
Estimating row 15 out of 47 for hessian
Estimating row 16 out of 47 for hessian
Estimating row 17 out of 47 for hessian
Estimating row 18 out of 47 for hessian
Estimating row 19 out of 47 for hessian
Estimating row 20 out of 47 for hessian
Estimating row 21 out of 47 for hessian
Estimating row 22 out of 47 for hessian
Estimating row 23 out of 47 for hessian
Estimating row 24 out of 47 for hessian
Estimating row 25 out of 47 for hessian
Estimating row 26 out of 47 for hessian
Estimating row 27 out of 47 for hessian
Estimating row 28 out of 47 for hessian
Estimating row 29 out of 47 for hessian
Estimating row 30 out of 47 for hessian
Estimating row 31 out of 47 for hessian
Estimating row 32 out of 47 for hessian
Estimating row 33 out of 47 for hessian
Estimating row 34 out of 47 for hessian
Estimating row 35 out of 47 for hessian
Estimating row 36 out of 47 for hessian
Estimating row 37 out of 47 for hessian
Estimating row 38 out of 47 for hessian
Estimating row 39 out of 47 for hessian
Estimating row 40 out of 47 for hessian
Estimating row 41 out of 47 for hessian
Estimating row 42 out of 47 for hessian
Estimating row 43 out of 47 for hessian
Estimating row 44 out of 47 for hessian
Estimating row 45 out of 47 for hessian
Estimating row 46 out of 47 for hessian
Estimating row 47 out of 47 for hessian
size of file gradfil1.tmp = 195120000
size of file gradfil2.tmp = 0
size of file varssave.tmp = 0
size of file cmpdiff.tmp = 0
