
Initial statistics: 1 variables; iteration 0; function evaluation 0; phase 1
Function value 3.6208856e+03; maximum gradient component mag -1.0411e+03
Var    Value     Gradient |Var    Value     Gradient |Var    Value     Gradient
  1  0.05135 -1.04111e+03 |

 - final statistics:
1 variables; iteration 4; function evaluation 5
Function value 3.6203e+03; maximum gradient component mag -7.2079e-01
Exit code = 1;  converg criter 1.0000e+01
Var    Value     Gradient |Var    Value     Gradient |Var    Value     Gradient
  1  0.05244 -7.20787e-01 |

 - final statistics:
1 variables; iteration 0; function evaluation 0
Function value 3.6203e+03; maximum gradient component mag -7.2079e-01
Exit code = 0;  converg criter 1.0000e+01
Var    Value     Gradient |Var    Value     Gradient |Var    Value     Gradient
  1  0.05244 -7.20787e-01 |

Initial statistics: 48 variables; iteration 0; function evaluation 0; phase 3
Function value 3.6467773e+03; maximum gradient component mag -5.4062e+03
Var    Value     Gradient |Var    Value     Gradient |Var    Value     Gradient
  1 -0.58990 -3.20012e+03 |  2 -0.61129 -1.43962e+03 |  3 -0.61149 -5.40616e+03
  4 -0.57535 -1.64371e+03 |  5  0.05244 -7.20787e-01 |  6  0.00000  1.73130e+02
  7  0.00000  1.88763e+02 |  8  0.00000  1.85806e+02 |  9  0.00000  2.04764e+02
 10  0.00000  1.69171e+02 | 11  0.00000  1.42096e+02 | 12  0.00000  2.04541e+02
 13  0.00000  2.65150e+02 | 14  0.00000  2.87758e+02 | 15  0.00000  1.36846e+02
 16  0.00000  1.81772e+02 | 17  0.00000 -3.32314e+01 | 18  0.00000  1.77055e+02
 19  0.00000  2.95032e+02 | 20  0.00000 -8.40113e+02 | 21  0.00000 -3.74418e+02
 22  0.00000  3.62024e+02 | 23  0.00000  3.73359e+02 | 24  0.00000  2.43913e+02
 25  0.00000 -5.27161e+02 | 26  0.00000 -7.31334e+02 | 27  0.00000 -1.94777e+02
 28  0.00000  3.17436e+02 | 29  0.00000  4.57440e+02 | 30  0.00000  5.62637e+02
 31  0.00000  4.73510e+01 | 32  0.00000 -1.54272e+02 | 33  0.00000 -3.36810e+02
 34  0.00000 -1.00613e+03 | 35  0.00000 -3.64061e+02 | 36  0.00000 -4.32259e+02
 37  0.00000 -3.36439e+02 | 38  0.00000  5.95388e+01 | 39  0.00000 -1.58451e+02
 40  0.00000  2.93437e+01 | 41  0.00000  2.81349e+02 | 42  0.00000  9.00172e+01
 43  0.00000  5.31630e+01 | 44 -0.90236 -5.50078e+02 | 45 -0.73481  6.80512e+01
 46 -0.78003  1.40493e+01 | 47 -0.82381 -2.94136e+01 | 48 -0.66657  4.88619e+00

Intermediate statistics: 48 variables; iteration 20; function evaluation 28; phase 3
Function value 3.4107978e+03; maximum gradient component mag -5.6492e+03
Var    Value     Gradient |Var    Value     Gradient |Var    Value     Gradient
  1 -0.59071 -2.25468e+03 |  2 -0.61146 -2.04414e+03 |  3 -0.62084 -5.64923e+03
  4 -0.55322 -9.34302e+02 |  5  0.03883 -6.90873e+02 |  6 -0.07639  1.03240e+01
  7 -0.07716  1.00169e+01 |  8 -0.03640  9.78294e+00 |  9 -0.04202  1.26882e+01
 10  0.01895  1.91279e+01 | 11  0.03257  9.14534e+00 | 12  0.01137  1.98481e+01
 13  0.00033  2.85685e+01 | 14  0.00381  3.86672e+01 | 15  0.03477  5.71940e+01
 16  0.02382  4.45680e+01 | 17  0.03831  4.56504e+01 | 18  0.02144 -4.15036e+01
 19  0.02011 -6.43888e+01 | 20  0.06475  1.65111e+02 | 21  0.04641 -1.42837e+02
 22  0.00792 -8.23582e+01 | 23  0.00710 -2.13139e+01 | 24 -0.03511 -1.83217e+01
 25  0.05949 -2.30074e+01 | 26  0.11584  7.00405e+01 | 27  0.01007  3.10315e+01
 28 -0.05089  2.37777e+01 | 29  0.02154  1.36336e+01 | 30 -0.14189  2.42857e+01
 31  0.04506  1.82276e+01 | 32  0.05171 -4.73806e+01 | 33 -0.11865 -5.44671e+01
 34  0.11968 -3.24208e+02 | 35 -0.06114 -3.02589e+01 | 36  0.06536  1.44797e+02
 37  0.04572  1.02783e+02 | 38  0.00298 -7.09831e+00 | 39  0.03909 -1.65719e+00
 40  0.00998 -4.97136e+00 | 41 -0.11552  1.35016e+01 | 42 -0.10299  1.73059e+01
 43 -0.05895  2.49074e+01 | 44 -0.85634 -3.42915e+01 | 45 -0.77999 -6.82336e+00
 46 -0.79613  3.01533e+00 | 47 -0.83852 -1.52888e+00 | 48 -0.67680  1.84760e+00
48 variables; iteration 40; function evaluation 49; phase 3
Function value 3.3967928e+03; maximum gradient component mag -1.8043e+03
Var    Value     Gradient |Var    Value     Gradient |Var    Value     Gradient
  1 -0.59127 -1.64427e+03 |  2 -0.60935 -1.18040e+03 |  3 -0.61683 -1.80431e+03
  4 -0.56192 -1.08719e+02 |  5  0.03719 -1.07795e+03 |  6 -0.04118  2.04407e+01
  7 -0.03487  2.39282e+01 |  8 -0.04642  1.06044e+00 |  9 -0.04000  7.78011e+00
 10  0.02016  9.09384e+00 | 11  0.03850  3.34486e+00 | 12  0.01638  1.16089e+01
 13 -0.00232  5.98313e-01 | 14  0.00717  1.86295e+01 | 15  0.03560  8.52623e+00
 16  0.02772  1.90622e+01 | 17  0.03993 -8.62526e+00 | 18  0.02476 -4.85006e+01
 19  0.02242 -5.80974e+01 | 20  0.06313  7.89805e+01 | 21  0.04835 -7.57012e+01
 22  0.00932 -4.81072e+01 | 23  0.00837  4.14883e+00 | 24 -0.03228 -3.38475e+00
 25  0.06087 -5.58952e+01 | 26  0.10267 -2.10270e+01 | 27  0.03539  4.12486e+01
 28 -0.09392  1.77079e+01 | 29  0.04003  7.82296e+01 | 30 -0.15766  2.93113e+01
 31  0.04370  1.44808e+01 | 32  0.05314 -2.95470e+01 | 33 -0.12684 -4.11881e+01
 34  0.12710 -1.64929e+02 | 35 -0.06072 -1.03027e+01 | 36  0.06189  8.47800e+01
 37  0.04073  4.63941e+01 | 38  0.00610  2.32674e+01 | 39  0.03533 -1.11014e+00
 40  0.00921  1.83046e+01 | 41 -0.12261  1.38694e+01 | 42 -0.10714  2.06427e+01
 43 -0.11364  1.58962e+01 | 44 -0.85091 -2.32459e+01 | 45 -0.78143 -4.34628e+00
 46 -0.78855  5.72527e+00 | 47 -0.83531  9.65516e-01 | 48 -0.67335  9.52699e+00
48 variables; iteration 60; function evaluation 74; phase 3
Function value 3.3868345e+03; maximum gradient component mag -2.2299e+00
Var    Value     Gradient |Var    Value     Gradient |Var    Value     Gradient
  1 -0.59099  9.07347e-01 |  2 -0.60834  3.20003e-01 |  3 -0.61245 -1.70013e+00
  4 -0.57151 -6.55163e-01 |  5  0.04196 -2.22988e+00 |  6 -0.07120 -1.32698e-02
  7 -0.07268 -1.40352e-02 |  8 -0.03637 -2.26429e-02 |  9 -0.04515 -1.79060e-02
 10  0.00938 -6.27967e-02 | 11  0.03283 -8.31297e-02 | 12  0.00896 -5.61953e-02
 13 -0.00222 -5.78075e-02 | 14  0.00208 -6.39115e-02 | 15  0.03422 -8.27499e-02
 16  0.02603 -7.01280e-02 | 17  0.04071 -8.37832e-02 | 18  0.02753 -3.35422e-02
 19  0.02462 -5.14833e-03 | 20  0.05990 -4.14122e-02 | 21  0.04893 -1.39502e-02
 22  0.01057  2.11977e-03 | 23  0.00476 -1.37547e-02 | 24 -0.03503 -1.08325e-02
 25  0.06315 -1.12551e-01 | 26  0.10518 -1.91430e-01 | 27  0.01789 -5.11662e-02
 28 -0.06534  3.44666e-02 | 29  0.02690  5.36230e-02 | 30 -0.16269  8.26407e-02
 31  0.04642  1.17592e-01 | 32  0.03957  1.73493e-01 | 33 -0.06436  1.54046e-01
 34  0.12603  1.99943e-01 | 35 -0.04634  3.81050e-02 | 36  0.05647  4.64406e-02
 37  0.04301  3.21766e-02 | 38  0.00870  2.64493e-02 | 39  0.04120  1.75647e-02
 40  0.01293  2.59780e-02 | 41 -0.11518  3.50590e-02 | 42 -0.10707  3.41932e-02
 43 -0.09640  3.14080e-02 | 44 -0.86248  6.37850e-02 | 45 -0.76913  2.27070e-02
 46 -0.79999 -1.13706e-03 | 47 -0.83851 -3.21706e-03 | 48 -0.69386 -1.54331e-03
  ic > imax  in fminim is answer attained ?
Var    Value     Gradient |Var    Value     Gradient |Var    Value     Gradient
  1 -0.59099 -2.96456e-04 |  2 -0.60834 -2.43065e-04 |  3 -0.61245 -1.31543e-03
  4 -0.57151 -4.80802e-04 |  5  0.04196  1.54703e-04 |  6 -0.07118  8.87174e-06
  7 -0.07266  1.33437e-05 |  8 -0.03637  1.35968e-05 |  9 -0.04515  1.45745e-05
 10  0.00939  1.42242e-05 | 11  0.03284  1.55876e-05 | 12  0.00897  1.56476e-05
 13 -0.00221  1.61807e-05 | 14  0.00209  1.59905e-05 | 15  0.03423  1.32727e-05
 16  0.02604  1.73598e-05 | 17  0.04072  9.86691e-06 | 18  0.02754  1.67516e-05
 19  0.02462  1.08241e-05 | 20  0.05991  1.04340e-05 | 21  0.04894 -1.61201e-05
 22  0.01058  1.30030e-05 | 23  0.00476  4.73974e-07 | 24 -0.03503 -1.84234e-06
 25  0.06316 -3.10814e-05 | 26  0.10519 -5.14298e-05 | 27  0.01791 -1.84221e-05
 28 -0.06538  4.45395e-06 | 29  0.02692  7.42060e-06 | 30 -0.16279  1.36015e-05
 31  0.04643  2.02535e-06 | 32  0.03956  1.69715e-06 | 33 -0.06442  1.12407e-05
 34  0.12603 -2.29979e-05 | 35 -0.04634 -1.70998e-05 | 36  0.05647 -4.56396e-05
 37  0.04301 -1.94071e-05 | 38  0.00870 -5.50139e-06 | 39  0.04120 -5.40807e-06
 40  0.01293 -3.04972e-06 | 41 -0.11519 -3.43424e-07 | 42 -0.10709 -1.49623e-07
 43 -0.09641  1.77104e-06 | 44 -0.86248 -2.22955e-05 | 45 -0.76916  9.30693e-06
 46 -0.79999  1.33538e-06 | 47 -0.83851  2.59676e-06 | 48 -0.69389  3.61067e-06
Function minimizer not making progress ... is minimum attained?
Minimprove criterion = 0.0000e+00

 - final statistics:
48 variables; iteration 67; function evaluation 110
Function value 3.3868e+03; maximum gradient component mag -1.3154e-03
Exit code = 1;  converg criter 1.0000e-04
Var    Value     Gradient |Var    Value     Gradient |Var    Value     Gradient
  1 -0.59099 -2.96456e-04 |  2 -0.60834 -2.43065e-04 |  3 -0.61245 -1.31543e-03
  4 -0.57151 -4.80802e-04 |  5  0.04196  1.54703e-04 |  6 -0.07118  8.87174e-06
  7 -0.07266  1.33437e-05 |  8 -0.03637  1.35968e-05 |  9 -0.04515  1.45745e-05
 10  0.00939  1.42242e-05 | 11  0.03284  1.55876e-05 | 12  0.00897  1.56476e-05
 13 -0.00221  1.61807e-05 | 14  0.00209  1.59905e-05 | 15  0.03423  1.32727e-05
 16  0.02604  1.73598e-05 | 17  0.04072  9.86691e-06 | 18  0.02754  1.67516e-05
 19  0.02462  1.08241e-05 | 20  0.05991  1.04340e-05 | 21  0.04894 -1.61201e-05
 22  0.01058  1.30030e-05 | 23  0.00476  4.73974e-07 | 24 -0.03503 -1.84234e-06
 25  0.06316 -3.10814e-05 | 26  0.10519 -5.14298e-05 | 27  0.01791 -1.84221e-05
 28 -0.06538  4.45395e-06 | 29  0.02692  7.42060e-06 | 30 -0.16279  1.36015e-05
 31  0.04643  2.02535e-06 | 32  0.03956  1.69715e-06 | 33 -0.06442  1.12407e-05
 34  0.12603 -2.29979e-05 | 35 -0.04634 -1.70998e-05 | 36  0.05647 -4.56396e-05
 37  0.04301 -1.94071e-05 | 38  0.00870 -5.50139e-06 | 39  0.04120 -5.40807e-06
 40  0.01293 -3.04972e-06 | 41 -0.11519 -3.43424e-07 | 42 -0.10709 -1.49623e-07
 43 -0.09641  1.77104e-06 | 44 -0.86248 -2.22955e-05 | 45 -0.76916  9.30693e-06
 46 -0.79999  1.33538e-06 | 47 -0.83851  2.59676e-06 | 48 -0.69389  3.61067e-06
size of file gradfil1.tmp = 0
size of file gradfil2.tmp = 0
size of file varssave.tmp = 0
size of file cmpdiff.tmp = 0
